#
# There is insufficient memory for the Java Runtime Environment to continue.
# Native memory allocation (mmap) failed to map 127926272 bytes for committing reserved memory.
# Possible reasons:
#   The system is out of physical RAM or swap space
#   In 32 bit mode, the process size limit was hit
# Possible solutions:
#   Reduce memory load on the system
#   Increase physical memory or swap space
#   Check if swap backing store is full
#   Use 64 bit Java on a 64 bit OS
#   Decrease Java heap size (-Xmx/-Xms)
#   Decrease number of Java threads
#   Decrease Java thread stack sizes (-Xss)
#   Set larger code cache with -XX:ReservedCodeCacheSize=
# This output file may be truncated or incomplete.
#
#  Out of Memory Error (os_linux.cpp:2627), pid=14018, tid=0x00007fed645f5700
#
# JRE version: OpenJDK Runtime Environment (8.0_76-b03) (build 1.8.0_76-release-b03)
# Java VM: OpenJDK 64-Bit Server VM (25.76-b03 mixed mode linux-amd64 compressed oops)
# Failed to write core dump. Core dumps have been disabled. To enable core dumping, try "ulimit -c unlimited" before starting Java again
#

---------------  T H R E A D  ---------------

Current thread (0x00007fed74078000):  VMThread [stack: 0x00007fed644f5000,0x00007fed645f6000] [id=14028]

Stack: [0x00007fed644f5000,0x00007fed645f6000],  sp=0x00007fed645f44c0,  free space=1021k
Native frames: (J=compiled Java code, j=interpreted, Vv=VM code, C=native code)
V  [libjvm.so+0x9d9fcd]  VMError::report_and_die()+0x15d
V  [libjvm.so+0x4b4d4a]  report_vm_out_of_memory(char const*, int, unsigned long, VMErrorType, char const*)+0x8a
V  [libjvm.so+0x845190]  os::pd_commit_memory(char*, unsigned long, unsigned long, bool)+0xf0
V  [libjvm.so+0x83fcbf]  os::commit_memory(char*, unsigned long, unsigned long, bool)+0x1f
V  [libjvm.so+0x8b4d9b]  PSVirtualSpace::expand_by(unsigned long)+0x5b
V  [libjvm.so+0x8b5a10]  PSYoungGen::resize_generation(unsigned long, unsigned long)+0xb0
V  [libjvm.so+0x8b5d2b]  PSYoungGen::resize(unsigned long, unsigned long)+0x1b
V  [libjvm.so+0x8b241c]  PSScavenge::invoke_no_policy()+0xdac
V  [libjvm.so+0x8b2bf8]  PSScavenge::invoke()+0x38
V  [libjvm.so+0x8681f3]  ParallelScavengeHeap::failed_mem_allocate(unsigned long)+0x63
V  [libjvm.so+0x9dba94]  VM_ParallelGCFailedAllocation::doit()+0x84
V  [libjvm.so+0x9dfe47]  VM_Operation::evaluate()+0x47
V  [libjvm.so+0x9de908]  VMThread::evaluate_operation(VM_Operation*)+0x2c8
V  [libjvm.so+0x9ded89]  VMThread::loop()+0x219
V  [libjvm.so+0x9df1d2]  VMThread::run()+0x72
V  [libjvm.so+0x8425b2]  java_start(Thread*)+0xf2

VM_Operation (0x00007fed5766afe0): ParallelGCFailedAllocation, mode: safepoint, requested by thread 0x00007fed7419d000


---------------  P R O C E S S  ---------------

Java Threads: ( => current thread )
  0x00007fed7419e800 JavaThread "pool-2-thread-4" [_thread_blocked, id=14041, stack(0x00007fed5746b000,0x00007fed5756c000)]
  0x00007fed7419d000 JavaThread "pool-2-thread-3" [_thread_blocked, id=14040, stack(0x00007fed5756c000,0x00007fed5766d000)]
  0x00007fed7419b000 JavaThread "pool-2-thread-2" [_thread_blocked, id=14039, stack(0x00007fed5766d000,0x00007fed5776e000)]
  0x00007fed74199800 JavaThread "pool-3-thread-1" [_thread_blocked, id=14038, stack(0x00007fed5776e000,0x00007fed5786f000)]
  0x00007fed74198000 JavaThread "pool-2-thread-1" [_thread_blocked, id=14037, stack(0x00007fed5786f000,0x00007fed57970000)]
  0x00007fed740da000 JavaThread "Service Thread" daemon [_thread_blocked, id=14035, stack(0x00007fed57afb000,0x00007fed57bfc000)]
  0x00007fed740bc800 JavaThread "C1 CompilerThread2" daemon [_thread_blocked, id=14034, stack(0x00007fed57bfc000,0x00007fed57cfd000)]
  0x00007fed740bb000 JavaThread "C2 CompilerThread1" daemon [_thread_blocked, id=14033, stack(0x00007fed57cfd000,0x00007fed57dfe000)]
  0x00007fed740b8000 JavaThread "C2 CompilerThread0" daemon [_thread_in_native, id=14032, stack(0x00007fed57dfe000,0x00007fed57eff000)]
  0x00007fed740b6800 JavaThread "Signal Dispatcher" daemon [_thread_blocked, id=14031, stack(0x00007fed57eff000,0x00007fed58000000)]
  0x00007fed74084000 JavaThread "Finalizer" daemon [_thread_blocked, id=14030, stack(0x00007fed642f3000,0x00007fed643f4000)]
  0x00007fed7407f800 JavaThread "Reference Handler" daemon [_thread_blocked, id=14029, stack(0x00007fed643f4000,0x00007fed644f5000)]
  0x00007fed7400a800 JavaThread "main" [_thread_blocked, id=14022, stack(0x00007fed7dafd000,0x00007fed7dbfe000)]

Other Threads:
=>0x00007fed74078000 VMThread [stack: 0x00007fed644f5000,0x00007fed645f6000] [id=14028]
  0x00007fed740dc800 WatcherThread [stack: 0x00007fed579fa000,0x00007fed57afb000] [id=14036]

VM state:at safepoint (normal execution)

VM Mutex/Monitor currently owned by a thread:  ([mutex/lock_event])
[0x00007fed74006980] Threads_lock - owner thread: 0x00007fed74078000
[0x00007fed74006e80] Heap_lock - owner thread: 0x00007fed7419d000

Heap:
 PSYoungGen      total 569344K, used 130040K [0x000000076ab00000, 0x000000079b400000, 0x00000007c0000000)
  eden space 439296K, 0% used [0x000000076ab00000,0x000000076ab00000,0x0000000785800000)
  from space 130048K, 99% used [0x0000000793500000,0x000000079b3fe300,0x000000079b400000)
  to   space 103424K, 0% used [0x0000000785800000,0x0000000785800000,0x000000078bd00000)
 ParOldGen       total 280064K, used 279216K [0x00000006c0000000, 0x00000006d1180000, 0x000000076ab00000)
  object space 280064K, 99% used [0x00000006c0000000,0x00000006d10ac260,0x00000006d1180000)
 Metaspace       used 6547K, capacity 7280K, committed 7552K, reserved 1056768K
  class space    used 597K, capacity 616K, committed 640K, reserved 1048576K

Card table byte_map: [0x00007fed7a19d000,0x00007fed7a99e000] byte_map_base: 0x00007fed76b9d000

Marking Bits: (ParMarkBitMap*) 0x00007fed7cfcf1a0
 Begin Bits: [0x00007fed48000000, 0x00007fed4c000000)
 End Bits:   [0x00007fed4c000000, 0x00007fed50000000)

Polling page: 0x00007fed7dc1f000

CodeCache: size=245760Kb used=11174Kb max_used=11284Kb free=234585Kb
 bounds [0x00007fed65000000, 0x00007fed65b10000, 0x00007fed74000000]
 total_blobs=2752 nmethods=2483 adapters=183
 compilation: enabled

Compilation events (10 events):
Event: 15.170 Thread 0x00007fed740bc800 2775       2       com.android.dx.ssa.InterferenceRegisterMapper::interferes (78 bytes)
Event: 15.171 Thread 0x00007fed740bc800 nmethod 2775 0x00007fed65b059d0 code [0x00007fed65b05b80, 0x00007fed65b05f68]
Event: 15.386 Thread 0x00007fed740bc800 2788       2       java.util.HashMap$TreeNode::rotateRight (91 bytes)
Event: 15.387 Thread 0x00007fed740bc800 nmethod 2788 0x00007fed65b054d0 code [0x00007fed65b05640, 0x00007fed65b058b0]
Event: 15.387 Thread 0x00007fed740bc800 2787       2       java.lang.Class::getName (21 bytes)
Event: 15.387 Thread 0x00007fed740bc800 nmethod 2787 0x00007fed65ac8290 code [0x00007fed65ac8400, 0x00007fed65ac85a8]
Event: 15.633 Thread 0x00007fed740bc800 2795       3       java.util.TreeMap$Values::iterator (19 bytes)
Event: 15.634 Thread 0x00007fed740bc800 nmethod 2795 0x00007fed65b04bd0 code [0x00007fed65b04d60, 0x00007fed65b05270]
Event: 16.152 Thread 0x00007fed740bc800 2798       3       sun.util.calendar.ZoneInfo::getTransitionIndex (156 bytes)
Event: 16.153 Thread 0x00007fed740bc800 nmethod 2798 0x00007fed65b041d0 code [0x00007fed65b04360, 0x00007fed65b04830]

GC Heap History (10 events):
Event: 8.547 GC heap after
Heap after GC invocations=9 (full 1):
 PSYoungGen      total 397824K, used 33749K [0x000000076ab00000, 0x000000078e380000, 0x00000007c0000000)
  eden space 364032K, 0% used [0x000000076ab00000,0x000000076ab00000,0x0000000780e80000)
  from space 33792K, 99% used [0x000000078c280000,0x000000078e3755f8,0x000000078e380000)
  to   space 54272K, 0% used [0x0000000787980000,0x0000000787980000,0x000000078ae80000)
 ParOldGen       total 159744K, used 84509K [0x00000006c0000000, 0x00000006c9c00000, 0x000000076ab00000)
  object space 159744K, 52% used [0x00000006c0000000,0x00000006c5287490,0x00000006c9c00000)
 Metaspace       used 6494K, capacity 7280K, committed 7552K, reserved 1056768K
  class space    used 595K, capacity 616K, committed 640K, reserved 1048576K
}
Event: 9.477 GC heap before
{Heap before GC invocations=10 (full 1):
 PSYoungGen      total 397824K, used 397781K [0x000000076ab00000, 0x000000078e380000, 0x00000007c0000000)
  eden space 364032K, 100% used [0x000000076ab00000,0x0000000780e80000,0x0000000780e80000)
  from space 33792K, 99% used [0x000000078c280000,0x000000078e3755f8,0x000000078e380000)
  to   space 54272K, 0% used [0x0000000787980000,0x0000000787980000,0x000000078ae80000)
 ParOldGen       total 159744K, used 84509K [0x00000006c0000000, 0x00000006c9c00000, 0x000000076ab00000)
  object space 159744K, 52% used [0x00000006c0000000,0x00000006c5287490,0x00000006c9c00000)
 Metaspace       used 6516K, capacity 7280K, committed 7552K, reserved 1056768K
  class space    used 595K, capacity 616K, committed 640K, reserved 1048576K
Event: 9.618 GC heap after
Heap after GC invocations=10 (full 1):
 PSYoungGen      total 524288K, used 54254K [0x000000076ab00000, 0x0000000790400000, 0x00000007c0000000)
  eden space 470016K, 0% used [0x000000076ab00000,0x000000076ab00000,0x0000000787600000)
  from space 54272K, 99% used [0x0000000787980000,0x000000078ae7bab8,0x000000078ae80000)
  to   space 72704K, 0% used [0x000000078bd00000,0x000000078bd00000,0x0000000790400000)
 ParOldGen       total 159744K, used 105027K [0x00000006c0000000, 0x00000006c9c00000, 0x000000076ab00000)
  object space 159744K, 65% used [0x00000006c0000000,0x00000006c6690f30,0x00000006c9c00000)
 Metaspace       used 6516K, capacity 7280K, committed 7552K, reserved 1056768K
  class space    used 595K, capacity 616K, committed 640K, reserved 1048576K
}
Event: 11.157 GC heap before
{Heap before GC invocations=11 (full 1):
 PSYoungGen      total 524288K, used 524270K [0x000000076ab00000, 0x0000000790400000, 0x00000007c0000000)
  eden space 470016K, 100% used [0x000000076ab00000,0x0000000787600000,0x0000000787600000)
  from space 54272K, 99% used [0x0000000787980000,0x000000078ae7bab8,0x000000078ae80000)
  to   space 72704K, 0% used [0x000000078bd00000,0x000000078bd00000,0x0000000790400000)
 ParOldGen       total 159744K, used 105027K [0x00000006c0000000, 0x00000006c9c00000, 0x000000076ab00000)
  object space 159744K, 65% used [0x00000006c0000000,0x00000006c6690f30,0x00000006c9c00000)
 Metaspace       used 6521K, capacity 7280K, committed 7552K, reserved 1056768K
  class space    used 595K, capacity 616K, committed 640K, reserved 1048576K
Event: 11.459 GC heap after
Heap after GC invocations=11 (full 1):
 PSYoungGen      total 512000K, used 72685K [0x000000076ab00000, 0x000000079ce00000, 0x00000007c0000000)
  eden space 439296K, 0% used [0x000000076ab00000,0x000000076ab00000,0x0000000785800000)
  from space 72704K, 99% used [0x000000078bd00000,0x00000007903fb6e8,0x0000000790400000)
  to   space 103424K, 0% used [0x0000000785800000,0x0000000785800000,0x000000078bd00000)
 ParOldGen       total 159744K, used 155479K [0x00000006c0000000, 0x00000006c9c00000, 0x000000076ab00000)
  object space 159744K, 97% used [0x00000006c0000000,0x00000006c97d5e60,0x00000006c9c00000)
 Metaspace       used 6521K, capacity 7280K, committed 7552K, reserved 1056768K
  class space    used 595K, capacity 616K, committed 640K, reserved 1048576K
}
Event: 11.459 GC heap before
{Heap before GC invocations=12 (full 2):
 PSYoungGen      total 512000K, used 72685K [0x000000076ab00000, 0x000000079ce00000, 0x00000007c0000000)
  eden space 439296K, 0% used [0x000000076ab00000,0x000000076ab00000,0x0000000785800000)
  from space 72704K, 99% used [0x000000078bd00000,0x00000007903fb6e8,0x0000000790400000)
  to   space 103424K, 0% used [0x0000000785800000,0x0000000785800000,0x000000078bd00000)
 ParOldGen       total 159744K, used 155479K [0x00000006c0000000, 0x00000006c9c00000, 0x000000076ab00000)
  object space 159744K, 97% used [0x00000006c0000000,0x00000006c97d5e60,0x00000006c9c00000)
 Metaspace       used 6521K, capacity 7280K, committed 7552K, reserved 1056768K
  class space    used 595K, capacity 616K, committed 640K, reserved 1048576K
Event: 12.877 GC heap after
Heap after GC invocations=12 (full 2):
 PSYoungGen      total 512000K, used 60388K [0x000000076ab00000, 0x000000079ce00000, 0x00000007c0000000)
  eden space 439296K, 0% used [0x000000076ab00000,0x000000076ab00000,0x0000000785800000)
  from space 72704K, 83% used [0x000000078bd00000,0x000000078f7f9150,0x0000000790400000)
  to   space 103424K, 0% used [0x0000000785800000,0x0000000785800000,0x000000078bd00000)
 ParOldGen       total 280064K, used 159515K [0x00000006c0000000, 0x00000006d1180000, 0x000000076ab00000)
  object space 280064K, 56% used [0x00000006c0000000,0x00000006c9bc6e90,0x00000006d1180000)
 Metaspace       used 6521K, capacity 7280K, committed 7552K, reserved 1056768K
  class space    used 595K, capacity 616K, committed 640K, reserved 1048576K
}
Event: 14.141 GC heap before
{Heap before GC invocations=13 (full 2):
 PSYoungGen      total 512000K, used 499684K [0x000000076ab00000, 0x000000079ce00000, 0x00000007c0000000)
  eden space 439296K, 100% used [0x000000076ab00000,0x0000000785800000,0x0000000785800000)
  from space 72704K, 83% used [0x000000078bd00000,0x000000078f7f9150,0x0000000790400000)
  to   space 103424K, 0% used [0x0000000785800000,0x0000000785800000,0x000000078bd00000)
 ParOldGen       total 280064K, used 159515K [0x00000006c0000000, 0x00000006d1180000, 0x000000076ab00000)
  object space 280064K, 56% used [0x00000006c0000000,0x00000006c9bc6e90,0x00000006d1180000)
 Metaspace       used 6536K, capacity 7280K, committed 7552K, reserved 1056768K
  class space    used 595K, capacity 616K, committed 640K, reserved 1048576K
Event: 14.359 GC heap after
Heap after GC invocations=13 (full 2):
 PSYoungGen      total 542720K, used 103420K [0x000000076ab00000, 0x000000079b400000, 0x00000007c0000000)
  eden space 439296K, 0% used [0x000000076ab00000,0x000000076ab00000,0x0000000785800000)
  from space 103424K, 99% used [0x0000000785800000,0x000000078bcff100,0x000000078bd00000)
  to   space 130048K, 0% used [0x0000000793500000,0x0000000793500000,0x000000079b400000)
 ParOldGen       total 280064K, used 181594K [0x00000006c0000000, 0x00000006d1180000, 0x000000076ab00000)
  object space 280064K, 64% used [0x00000006c0000000,0x00000006cb156878,0x00000006d1180000)
 Metaspace       used 6536K, capacity 7280K, committed 7552K, reserved 1056768K
  class space    used 595K, capacity 616K, committed 640K, reserved 1048576K
}
Event: 16.326 GC heap before
{Heap before GC invocations=14 (full 2):
 PSYoungGen      total 542720K, used 542716K [0x000000076ab00000, 0x000000079b400000, 0x00000007c0000000)
  eden space 439296K, 100% used [0x000000076ab00000,0x0000000785800000,0x0000000785800000)
  from space 103424K, 99% used [0x0000000785800000,0x000000078bcff100,0x000000078bd00000)
  to   space 130048K, 0% used [0x0000000793500000,0x0000000793500000,0x000000079b400000)
 ParOldGen       total 280064K, used 181594K [0x00000006c0000000, 0x00000006d1180000, 0x000000076ab00000)
  object space 280064K, 64% used [0x00000006c0000000,0x00000006cb156878,0x00000006d1180000)
 Metaspace       used 6547K, capacity 7280K, committed 7552K, reserved 1056768K
  class space    used 597K, capacity 616K, committed 640K, reserved 1048576K

Deoptimization events (10 events):
Event: 10.248 Thread 0x00007fed74198000 Uncommon trap: reason=unstable_if action=reinterpret pc=0x00007fed652fb420 method=com.android.dx.ssa.SsaMethod.getExitBlock()Lcom/android/dx/ssa/SsaBasicBlock; @ 4
Event: 10.249 Thread 0x00007fed74198000 Uncommon trap: reason=unstable_if action=reinterpret pc=0x00007fed6592db38 method=com.android.dx.ssa.SsaMethod.getExitBlock()Lcom/android/dx/ssa/SsaBasicBlock; @ 4
Event: 11.080 Thread 0x00007fed7419b000 Uncommon trap: reason=unstable_if action=reinterpret pc=0x00007fed65a613a4 method=com.android.dx.ssa.InterferenceRegisterMapper.interferes(III)Z @ 69
Event: 11.147 Thread 0x00007fed7419b000 Uncommon trap: reason=unstable_if action=reinterpret pc=0x00007fed65a1a268 method=com.android.dx.rop.code.BasicBlockList.preferredSuccessorOf(Lcom/android/dx/rop/code/BasicBlock;)Lcom/android/dx/rop/code/BasicBlock; @ 58
Event: 14.444 Thread 0x00007fed74198000 Uncommon trap: reason=predicate action=maybe_recompile pc=0x00007fed65aa47a0 method=java.util.ArrayList.indexOf(Ljava/lang/Object;)I @ 44
Event: 14.444 Thread 0x00007fed74198000 Uncommon trap: reason=unstable_if action=reinterpret pc=0x00007fed65ace35c method=com.android.dx.ssa.SsaMethod.deleteInsns(Ljava/util/Set;)V @ 130
Event: 14.620 Thread 0x00007fed7419d000 Uncommon trap: reason=unstable_if action=reinterpret pc=0x00007fed65ae8c30 method=com.android.dx.cf.code.Merger.mergeType(Lcom/android/dx/rop/type/TypeBearer;Lcom/android/dx/rop/type/TypeBearer;)Lcom/android/dx/rop/type/TypeBearer; @ 68
Event: 14.934 Thread 0x00007fed7400a800 Uncommon trap: reason=predicate action=maybe_recompile pc=0x00007fed65af5154 method=com.android.dx.ssa.DomFront.run()[Lcom/android/dx/ssa/DomFront$DomInfo; @ 175
Event: 15.090 Thread 0x00007fed7400a800 Uncommon trap: reason=unstable_if action=reinterpret pc=0x00007fed65405d34 method=com.android.dx.ssa.SetFactory.makeLivenessSet(I)Lcom/android/dx/util/IntSet; @ 4
Event: 15.160 Thread 0x00007fed7400a800 Uncommon trap: reason=class_check action=maybe_recompile pc=0x00007fed65afdab8 method=com.android.dx.ssa.back.InterferenceGraph.mergeInterferenceSet(ILcom/android/dx/util/IntSet;)V @ 20

Internal exceptions (7 events):
Event: 0.073 Thread 0x00007fed7400a800 Exception <a 'java/lang/NoSuchMethodError': Method sun.misc.Unsafe.defineClass(Ljava/lang/String;[BII)Ljava/lang/Class; name or signature does not match> (0x000000076ab07cc0) thrown at [/ssd/Android/AOSP-openjdk/external/jetbrains/jdk/hotspot/src/share/vm
Event: 0.073 Thread 0x00007fed7400a800 Exception <a 'java/lang/NoSuchMethodError': Method sun.misc.Unsafe.prefetchRead(Ljava/lang/Object;J)V name or signature does not match> (0x000000076ab07fa8) thrown at [/ssd/Android/AOSP-openjdk/external/jetbrains/jdk/hotspot/src/share/vm/prims/jni.cpp, li
Event: 1.633 Thread 0x00007fed74198000 Implicit null exception at 0x00007fed652f0349 to 0x00007fed652f2cd1
Event: 1.634 Thread 0x00007fed74198000 Implicit null exception at 0x00007fed653024b5 to 0x00007fed65304cf1
Event: 2.024 Thread 0x00007fed7419d000 Exception <a 'java/lang/ArrayIndexOutOfBoundsException': 18> (0x000000076b3167a0) thrown at [/ssd/Android/AOSP-openjdk/external/jetbrains/jdk/hotspot/src/share/vm/interpreter/interpreterRuntime.cpp, line 366]
Event: 2.025 Thread 0x00007fed7419d000 Exception <a 'java/lang/ArrayIndexOutOfBoundsException': 145> (0x000000076b318320) thrown at [/ssd/Android/AOSP-openjdk/external/jetbrains/jdk/hotspot/src/share/vm/interpreter/interpreterRuntime.cpp, line 366]
Event: 2.026 Thread 0x00007fed7419d000 Exception <a 'java/lang/ArrayIndexOutOfBoundsException': 40> (0x000000076b319608) thrown at [/ssd/Android/AOSP-openjdk/external/jetbrains/jdk/hotspot/src/share/vm/interpreter/interpreterRuntime.cpp, line 366]

Events (10 events):
Event: 16.153 Thread 0x00007fed740bc800 flushing nmethod 0x00007fed65152090
Event: 16.153 Thread 0x00007fed740bc800 flushing nmethod 0x00007fed65152790
Event: 16.153 Thread 0x00007fed740bc800 flushing nmethod 0x00007fed65153b90
Event: 16.153 Thread 0x00007fed740bc800 flushing nmethod 0x00007fed65156e50
Event: 16.153 Thread 0x00007fed740bc800 flushing nmethod 0x00007fed65157450
Event: 16.153 Thread 0x00007fed740bc800 flushing nmethod 0x00007fed65158590
Event: 16.153 Thread 0x00007fed740bc800 flushing nmethod 0x00007fed65159390
Event: 16.153 Thread 0x00007fed740bc800 flushing nmethod 0x00007fed6515b050
Event: 16.153 Thread 0x00007fed740bc800 flushing nmethod 0x00007fed6515ec90
Event: 16.325 Executing VM operation: ParallelGCFailedAllocation


Dynamic libraries:
00400000-00401000 r-xp 00000000 08:02 263848                             /home/powerpack/Documents/Android/android-studio/jre/bin/java
00600000-00601000 r--p 00000000 08:02 263848                             /home/powerpack/Documents/Android/android-studio/jre/bin/java
00601000-00602000 rw-p 00001000 08:02 263848                             /home/powerpack/Documents/Android/android-studio/jre/bin/java
01027000-01048000 rw-p 00000000 00:00 0                                  [heap]
6c0000000-6d1180000 rw-p 00000000 00:00 0 
6d1180000-76ab00000 ---p 00000000 00:00 0 
76ab00000-79b400000 rw-p 00000000 00:00 0 
7a2e00000-7c0000000 ---p 00000000 00:00 0 
7c0000000-7c00a0000 rw-p 00000000 00:00 0 
7c00a0000-800000000 ---p 00000000 00:00 0 
7fed10000000-7fed10038000 rw-p 00000000 00:00 0 
7fed10038000-7fed14000000 ---p 00000000 00:00 0 
7fed14000000-7fed14025000 rw-p 00000000 00:00 0 
7fed14025000-7fed18000000 ---p 00000000 00:00 0 
7fed18000000-7fed18021000 rw-p 00000000 00:00 0 
7fed18021000-7fed1c000000 ---p 00000000 00:00 0 
7fed1c000000-7fed1c02c000 rw-p 00000000 00:00 0 
7fed1c02c000-7fed20000000 ---p 00000000 00:00 0 
7fed20000000-7fed20021000 rw-p 00000000 00:00 0 
7fed20021000-7fed24000000 ---p 00000000 00:00 0 
7fed24000000-7fed24021000 rw-p 00000000 00:00 0 
7fed24021000-7fed28000000 ---p 00000000 00:00 0 
7fed28000000-7fed28af5000 rw-p 00000000 00:00 0 
7fed28af5000-7fed2c000000 ---p 00000000 00:00 0 
7fed2c000000-7fed2c021000 rw-p 00000000 00:00 0 
7fed2c021000-7fed30000000 ---p 00000000 00:00 0 
7fed30000000-7fed31054000 rw-p 00000000 00:00 0 
7fed31054000-7fed34000000 ---p 00000000 00:00 0 
7fed34000000-7fed355d3000 rw-p 00000000 00:00 0 
7fed355d3000-7fed38000000 ---p 00000000 00:00 0 
7fed38000000-7fed38021000 rw-p 00000000 00:00 0 
7fed38021000-7fed3c000000 ---p 00000000 00:00 0 
7fed3c000000-7fed3c021000 rw-p 00000000 00:00 0 
7fed3c021000-7fed40000000 ---p 00000000 00:00 0 
7fed40000000-7fed4027f000 rw-p 00000000 00:00 0 
7fed4027f000-7fed44000000 ---p 00000000 00:00 0 
7fed44000000-7fed44021000 rw-p 00000000 00:00 0 
7fed44021000-7fed48000000 ---p 00000000 00:00 0 
7fed48000000-7fed50000000 rw-p 00000000 00:00 0 
7fed50000000-7fed50021000 rw-p 00000000 00:00 0 
7fed50021000-7fed54000000 ---p 00000000 00:00 0 
7fed5746b000-7fed5746e000 ---p 00000000 00:00 0 
7fed5746e000-7fed5756c000 rw-p 00000000 00:00 0 
7fed5756c000-7fed5756f000 ---p 00000000 00:00 0 
7fed5756f000-7fed5766d000 rw-p 00000000 00:00 0 
7fed5766d000-7fed57670000 ---p 00000000 00:00 0 
7fed57670000-7fed5776e000 rw-p 00000000 00:00 0 
7fed5776e000-7fed57771000 ---p 00000000 00:00 0 
7fed57771000-7fed5786f000 rw-p 00000000 00:00 0 
7fed5786f000-7fed57872000 ---p 00000000 00:00 0 
7fed57872000-7fed57970000 rw-p 00000000 00:00 0 
7fed57970000-7fed579fa000 r--s 0062d000 08:02 11927864                   /home/powerpack/Desktop/ud867-master/FinalProject/app/build/intermediates/transforms/jarMerging/free/debug/jars/1/1f/combined.jar
7fed579fa000-7fed579fb000 ---p 00000000 00:00 0 
7fed579fb000-7fed57afb000 rw-p 00000000 00:00 0 
7fed57afb000-7fed57afe000 ---p 00000000 00:00 0 
7fed57afe000-7fed57bfc000 rw-p 00000000 00:00 0 
7fed57bfc000-7fed57bff000 ---p 00000000 00:00 0 
7fed57bff000-7fed57cfd000 rw-p 00000000 00:00 0 
7fed57cfd000-7fed57d00000 ---p 00000000 00:00 0 
7fed57d00000-7fed57dfe000 rw-p 00000000 00:00 0 
7fed57dfe000-7fed57e01000 ---p 00000000 00:00 0 
7fed57e01000-7fed57eff000 rw-p 00000000 00:00 0 
7fed57eff000-7fed57f02000 ---p 00000000 00:00 0 
7fed57f02000-7fed58000000 rw-p 00000000 00:00 0 
7fed58000000-7fed58021000 rw-p 00000000 00:00 0 
7fed58021000-7fed5c000000 ---p 00000000 00:00 0 
7fed5c000000-7fed5c021000 rw-p 00000000 00:00 0 
7fed5c021000-7fed60000000 ---p 00000000 00:00 0 
7fed60000000-7fed60021000 rw-p 00000000 00:00 0 
7fed60021000-7fed64000000 ---p 00000000 00:00 0 
7fed6401b000-7fed642f3000 r--p 00000000 08:02 15205983                   /usr/lib/locale/locale-archive
7fed642f3000-7fed642f6000 ---p 00000000 00:00 0 
7fed642f6000-7fed643f4000 rw-p 00000000 00:00 0 
7fed643f4000-7fed643f7000 ---p 00000000 00:00 0 
7fed643f7000-7fed644f5000 rw-p 00000000 00:00 0 
7fed644f5000-7fed644f6000 ---p 00000000 00:00 0 
7fed644f6000-7fed65000000 rw-p 00000000 00:00 0 
7fed65000000-7fed65b10000 rwxp 00000000 00:00 0 
7fed65b10000-7fed74000000 ---p 00000000 00:00 0 
7fed74000000-7fed7439d000 rw-p 00000000 00:00 0 
7fed7439d000-7fed78000000 ---p 00000000 00:00 0 
7fed78009000-7fed78600000 rw-p 00000000 00:00 0 
7fed78600000-7fed787cd000 r--s 03bec000 08:02 265448                     /home/powerpack/Documents/Android/android-studio/jre/jre/lib/rt.jar
7fed787cd000-7fed78f03000 rw-p 00000000 00:00 0 
7fed78f03000-7fed79043000 ---p 00000000 00:00 0 
7fed79043000-7fed79843000 rw-p 00000000 00:00 0 
7fed79843000-7fed79844000 ---p 00000000 00:00 0 
7fed79844000-7fed79944000 rw-p 00000000 00:00 0 
7fed79944000-7fed79945000 ---p 00000000 00:00 0 
7fed79945000-7fed79a45000 rw-p 00000000 00:00 0 
7fed79a45000-7fed79a46000 ---p 00000000 00:00 0 
7fed79a46000-7fed79b46000 rw-p 00000000 00:00 0 
7fed79b46000-7fed79b47000 ---p 00000000 00:00 0 
7fed79b47000-7fed79cd0000 rw-p 00000000 00:00 0 
7fed79cd0000-7fed7a19d000 ---p 00000000 00:00 0 
7fed7a19d000-7fed7a226000 rw-p 00000000 00:00 0 
7fed7a226000-7fed7a6f2000 ---p 00000000 00:00 0 
7fed7a6f2000-7fed7a877000 rw-p 00000000 00:00 0 
7fed7a877000-7fed7a99d000 ---p 00000000 00:00 0 
7fed7a99d000-7fed7a9cb000 rw-p 00000000 00:00 0 
7fed7a9cb000-7fed7ad5e000 ---p 00000000 00:00 0 
7fed7ad5e000-7fed7ad78000 r-xp 00000000 08:02 265508                     /home/powerpack/Documents/Android/android-studio/jre/jre/lib/amd64/libzip.so
7fed7ad78000-7fed7af78000 ---p 0001a000 08:02 265508                     /home/powerpack/Documents/Android/android-studio/jre/jre/lib/amd64/libzip.so
7fed7af78000-7fed7af79000 r--p 0001a000 08:02 265508                     /home/powerpack/Documents/Android/android-studio/jre/jre/lib/amd64/libzip.so
7fed7af79000-7fed7af7a000 rw-p 0001b000 08:02 265508                     /home/powerpack/Documents/Android/android-studio/jre/jre/lib/amd64/libzip.so
7fed7af7a000-7fed7af85000 r-xp 00000000 08:02 4587607                    /lib/x86_64-linux-gnu/libnss_files-2.23.so
7fed7af85000-7fed7b184000 ---p 0000b000 08:02 4587607                    /lib/x86_64-linux-gnu/libnss_files-2.23.so
7fed7b184000-7fed7b185000 r--p 0000a000 08:02 4587607                    /lib/x86_64-linux-gnu/libnss_files-2.23.so
7fed7b185000-7fed7b186000 rw-p 0000b000 08:02 4587607                    /lib/x86_64-linux-gnu/libnss_files-2.23.so
7fed7b186000-7fed7b18c000 rw-p 00000000 00:00 0 
7fed7b18c000-7fed7b197000 r-xp 00000000 08:02 4587604                    /lib/x86_64-linux-gnu/libnss_nis-2.23.so
7fed7b197000-7fed7b396000 ---p 0000b000 08:02 4587604                    /lib/x86_64-linux-gnu/libnss_nis-2.23.so
7fed7b396000-7fed7b397000 r--p 0000a000 08:02 4587604                    /lib/x86_64-linux-gnu/libnss_nis-2.23.so
7fed7b397000-7fed7b398000 rw-p 0000b000 08:02 4587604                    /lib/x86_64-linux-gnu/libnss_nis-2.23.so
7fed7b398000-7fed7b3ae000 r-xp 00000000 08:02 4587545                    /lib/x86_64-linux-gnu/libnsl-2.23.so
7fed7b3ae000-7fed7b5ad000 ---p 00016000 08:02 4587545                    /lib/x86_64-linux-gnu/libnsl-2.23.so
7fed7b5ad000-7fed7b5ae000 r--p 00015000 08:02 4587545                    /lib/x86_64-linux-gnu/libnsl-2.23.so
7fed7b5ae000-7fed7b5af000 rw-p 00016000 08:02 4587545                    /lib/x86_64-linux-gnu/libnsl-2.23.so
7fed7b5af000-7fed7b5b1000 rw-p 00000000 00:00 0 
7fed7b5b1000-7fed7b5b9000 r-xp 00000000 08:02 4587534                    /lib/x86_64-linux-gnu/libnss_compat-2.23.so
7fed7b5b9000-7fed7b7b8000 ---p 00008000 08:02 4587534                    /lib/x86_64-linux-gnu/libnss_compat-2.23.so
7fed7b7b8000-7fed7b7b9000 r--p 00007000 08:02 4587534                    /lib/x86_64-linux-gnu/libnss_compat-2.23.so
7fed7b7b9000-7fed7b7ba000 rw-p 00008000 08:02 4587534                    /lib/x86_64-linux-gnu/libnss_compat-2.23.so
7fed7b7ba000-7fed7b7e7000 r-xp 00000000 08:02 265537                     /home/powerpack/Documents/Android/android-studio/jre/jre/lib/amd64/libjava.so
7fed7b7e7000-7fed7b9e6000 ---p 0002d000 08:02 265537                     /home/powerpack/Documents/Android/android-studio/jre/jre/lib/amd64/libjava.so
7fed7b9e6000-7fed7b9e7000 r--p 0002c000 08:02 265537                     /home/powerpack/Documents/Android/android-studio/jre/jre/lib/amd64/libjava.so
7fed7b9e7000-7fed7b9e9000 rw-p 0002d000 08:02 265537                     /home/powerpack/Documents/Android/android-studio/jre/jre/lib/amd64/libjava.so
7fed7b9e9000-7fed7b9f9000 r-xp 00000000 08:02 265582                     /home/powerpack/Documents/Android/android-studio/jre/jre/lib/amd64/libverify.so
7fed7b9f9000-7fed7bbf8000 ---p 00010000 08:02 265582                     /home/powerpack/Documents/Android/android-studio/jre/jre/lib/amd64/libverify.so
7fed7bbf8000-7fed7bbfa000 r--p 0000f000 08:02 265582                     /home/powerpack/Documents/Android/android-studio/jre/jre/lib/amd64/libverify.so
7fed7bbfa000-7fed7bbfb000 rw-p 00011000 08:02 265582                     /home/powerpack/Documents/Android/android-studio/jre/jre/lib/amd64/libverify.so
7fed7bbfb000-7fed7bc02000 r-xp 00000000 08:02 4587616                    /lib/x86_64-linux-gnu/librt-2.23.so
7fed7bc02000-7fed7be01000 ---p 00007000 08:02 4587616                    /lib/x86_64-linux-gnu/librt-2.23.so
7fed7be01000-7fed7be02000 r--p 00006000 08:02 4587616                    /lib/x86_64-linux-gnu/librt-2.23.so
7fed7be02000-7fed7be03000 rw-p 00007000 08:02 4587616                    /lib/x86_64-linux-gnu/librt-2.23.so
7fed7be03000-7fed7bf0b000 r-xp 00000000 08:02 4587613                    /lib/x86_64-linux-gnu/libm-2.23.so
7fed7bf0b000-7fed7c10a000 ---p 00108000 08:02 4587613                    /lib/x86_64-linux-gnu/libm-2.23.so
7fed7c10a000-7fed7c10b000 r--p 00107000 08:02 4587613                    /lib/x86_64-linux-gnu/libm-2.23.so
7fed7c10b000-7fed7c10c000 rw-p 00108000 08:02 4587613                    /lib/x86_64-linux-gnu/libm-2.23.so
7fed7c10c000-7fed7ccf2000 r-xp 00000000 08:02 265595                     /home/powerpack/Documents/Android/android-studio/jre/jre/lib/amd64/server/libjvm.so
7fed7ccf2000-7fed7cef2000 ---p 00be6000 08:02 265595                     /home/powerpack/Documents/Android/android-studio/jre/jre/lib/amd64/server/libjvm.so
7fed7cef2000-7fed7cf91000 r--p 00be6000 08:02 265595                     /home/powerpack/Documents/Android/android-studio/jre/jre/lib/amd64/server/libjvm.so
7fed7cf91000-7fed7cfba000 rw-p 00c85000 08:02 265595                     /home/powerpack/Documents/Android/android-studio/jre/jre/lib/amd64/server/libjvm.so
7fed7cfba000-7fed7cffc000 rw-p 00000000 00:00 0 
7fed7cffc000-7fed7d014000 r-xp 00000000 08:02 4591996                    /lib/x86_64-linux-gnu/libpthread-2.23.so
7fed7d014000-7fed7d213000 ---p 00018000 08:02 4591996                    /lib/x86_64-linux-gnu/libpthread-2.23.so
7fed7d213000-7fed7d214000 r--p 00017000 08:02 4591996                    /lib/x86_64-linux-gnu/libpthread-2.23.so
7fed7d214000-7fed7d215000 rw-p 00018000 08:02 4591996                    /lib/x86_64-linux-gnu/libpthread-2.23.so
7fed7d215000-7fed7d219000 rw-p 00000000 00:00 0 
7fed7d219000-7fed7d21c000 r-xp 00000000 08:02 4592020                    /lib/x86_64-linux-gnu/libdl-2.23.so
7fed7d21c000-7fed7d41b000 ---p 00003000 08:02 4592020                    /lib/x86_64-linux-gnu/libdl-2.23.so
7fed7d41b000-7fed7d41c000 r--p 00002000 08:02 4592020                    /lib/x86_64-linux-gnu/libdl-2.23.so
7fed7d41c000-7fed7d41d000 rw-p 00003000 08:02 4592020                    /lib/x86_64-linux-gnu/libdl-2.23.so
7fed7d41d000-7fed7d5dd000 r-xp 00000000 08:02 4592019                    /lib/x86_64-linux-gnu/libc-2.23.so
7fed7d5dd000-7fed7d7dc000 ---p 001c0000 08:02 4592019                    /lib/x86_64-linux-gnu/libc-2.23.so
7fed7d7dc000-7fed7d7e0000 r--p 001bf000 08:02 4592019                    /lib/x86_64-linux-gnu/libc-2.23.so
7fed7d7e0000-7fed7d7e2000 rw-p 001c3000 08:02 4592019                    /lib/x86_64-linux-gnu/libc-2.23.so
7fed7d7e2000-7fed7d7e6000 rw-p 00000000 00:00 0 
7fed7d7e6000-7fed7d7fc000 r-xp 00000000 08:02 263129                     /home/powerpack/Documents/Android/android-studio/jre/lib/amd64/jli/libjli.so
7fed7d7fc000-7fed7d9fb000 ---p 00016000 08:02 263129                     /home/powerpack/Documents/Android/android-studio/jre/lib/amd64/jli/libjli.so
7fed7d9fb000-7fed7d9fc000 r--p 00015000 08:02 263129                     /home/powerpack/Documents/Android/android-studio/jre/lib/amd64/jli/libjli.so
7fed7d9fc000-7fed7d9fd000 rw-p 00016000 08:02 263129                     /home/powerpack/Documents/Android/android-studio/jre/lib/amd64/jli/libjli.so
7fed7d9fd000-7fed7da23000 r-xp 00000000 08:02 4587617                    /lib/x86_64-linux-gnu/ld-2.23.so
7fed7da2a000-7fed7dafd000 rw-p 00000000 00:00 0 
7fed7dafd000-7fed7db00000 ---p 00000000 00:00 0 
7fed7db00000-7fed7dc02000 rw-p 00000000 00:00 0 
7fed7dc08000-7fed7dc16000 r--s 000e0000 08:02 1840824                    /home/powerpack/Documents/Android/android-sdk-linux/build-tools/24.0.2/lib/dx.jar
7fed7dc16000-7fed7dc1e000 rw-s 00000000 08:02 7083074                    /tmp/hsperfdata_powerpack/14018
7fed7dc1e000-7fed7dc1f000 rw-p 00000000 00:00 0 
7fed7dc1f000-7fed7dc20000 ---p 00000000 00:00 0 
7fed7dc20000-7fed7dc22000 rw-p 00000000 00:00 0 
7fed7dc22000-7fed7dc23000 r--p 00025000 08:02 4587617                    /lib/x86_64-linux-gnu/ld-2.23.so
7fed7dc23000-7fed7dc24000 rw-p 00026000 08:02 4587617                    /lib/x86_64-linux-gnu/ld-2.23.so
7fed7dc24000-7fed7dc25000 rw-p 00000000 00:00 0 
7ffd98fbd000-7ffd98fde000 rw-p 00000000 00:00 0                          [stack]
7ffd98ff7000-7ffd98ff9000 r--p 00000000 00:00 0                          [vvar]
7ffd98ff9000-7ffd98ffb000 r-xp 00000000 00:00 0                          [vdso]
ffffffffff600000-ffffffffff601000 r-xp 00000000 00:00 0                  [vsyscall]

VM Arguments:
jvm_args: -Djava.awt.headless=true -Xmx4g -Dfile.encoding=UTF-8 -Duser.country=IN -Duser.language=en -Duser.variant 
java_command: com.android.dx.command.Main --dex --num-threads=4 --multi-dex --main-dex-list /home/powerpack/Desktop/ud867-master/FinalProject/app/build/intermediates/multi-dex/free/debug/maindexlist.txt --output /home/powerpack/Desktop/ud867-master/FinalProject/app/build/intermediates/transforms/dex/free/debug/folders/1000/1f/main /home/powerpack/Desktop/ud867-master/FinalProject/app/build/intermediates/transforms/jarMerging/free/debug/jars/1/1f/combined.jar
java_class_path (initial): /home/powerpack/Documents/Android/android-sdk-linux/build-tools/24.0.2/lib/dx.jar
Launcher Type: SUN_STANDARD

Environment Variables:
PATH=/usr/local/sbin:/usr/local/bin:/usr/sbin:/usr/bin:/sbin:/bin:/usr/games:/usr/local/games
LD_LIBRARY_PATH=/home/powerpack/Documents/Android/android-studio/bin:
SHELL=/bin/bash
DISPLAY=:0

Signal Handlers:
SIGSEGV: [libjvm.so+0x9daac0], sa_mask[0]=11111111011111111101111111111110, sa_flags=SA_RESTART|SA_SIGINFO
SIGBUS: [libjvm.so+0x9daac0], sa_mask[0]=11111111011111111101111111111110, sa_flags=SA_RESTART|SA_SIGINFO
SIGFPE: [libjvm.so+0x840d90], sa_mask[0]=11111111011111111101111111111110, sa_flags=SA_RESTART|SA_SIGINFO
SIGPIPE: [libjvm.so+0x840d90], sa_mask[0]=11111111011111111101111111111110, sa_flags=SA_RESTART|SA_SIGINFO
SIGXFSZ: [libjvm.so+0x840d90], sa_mask[0]=11111111011111111101111111111110, sa_flags=SA_RESTART|SA_SIGINFO
SIGILL: [libjvm.so+0x840d90], sa_mask[0]=11111111011111111101111111111110, sa_flags=SA_RESTART|SA_SIGINFO
SIGUSR1: SIG_DFL, sa_mask[0]=00000000000000000000000000000000, sa_flags=none
SIGUSR2: [libjvm.so+0x840c60], sa_mask[0]=00100000000000000000000000000000, sa_flags=SA_RESTART|SA_SIGINFO
SIGHUP: [libjvm.so+0x840e50], sa_mask[0]=11111111011111111101111111111110, sa_flags=SA_RESTART|SA_SIGINFO
SIGINT: [libjvm.so+0x840e50], sa_mask[0]=11111111011111111101111111111110, sa_flags=SA_RESTART|SA_SIGINFO
SIGTERM: [libjvm.so+0x840e50], sa_mask[0]=11111111011111111101111111111110, sa_flags=SA_RESTART|SA_SIGINFO
SIGQUIT: [libjvm.so+0x840e50], sa_mask[0]=11111111011111111101111111111110, sa_flags=SA_RESTART|SA_SIGINFO


---------------  S Y S T E M  ---------------

OS:DISTRIB_ID=Ubuntu
DISTRIB_RELEASE=16.04
DISTRIB_CODENAME=xenial
DISTRIB_DESCRIPTION="Ubuntu 16.04.1 LTS"

uname:Linux 4.4.0-38-generic #57-Ubuntu SMP Tue Sep 6 15:42:33 UTC 2016 x86_64
libc:glibc 2.23 NPTL 2.23 
rlimit: STACK 8192k, CORE 0k, NPROC 30746, NOFILE 65536, AS infinity
load average:3.98 1.50 0.75

/proc/meminfo:
MemTotal:        8044104 kB
MemFree:          145912 kB
MemAvailable:      63280 kB
Buffers:            1412 kB
Cached:           737736 kB
SwapCached:            0 kB
Active:          6274508 kB
Inactive:         635580 kB
Active(anon):    6249864 kB
Inactive(anon):   606772 kB
Active(file):      24644 kB
Inactive(file):    28808 kB
Unevictable:         512 kB
Mlocked:             512 kB
SwapTotal:             0 kB
SwapFree:              0 kB
Dirty:              7108 kB
Writeback:             0 kB
AnonPages:       6172004 kB
Mapped:          1054840 kB
Shmem:            685164 kB
Slab:             115016 kB
SReclaimable:      59284 kB
SUnreclaim:        55732 kB
KernelStack:       13888 kB
PageTables:        74416 kB
NFS_Unstable:          0 kB
Bounce:                0 kB
WritebackTmp:          0 kB
CommitLimit:     4022052 kB
Committed_AS:   13062108 kB
VmallocTotal:   34359738367 kB
VmallocUsed:           0 kB
VmallocChunk:          0 kB
HardwareCorrupted:     0 kB
AnonHugePages:   2400256 kB
CmaTotal:              0 kB
CmaFree:               0 kB
HugePages_Total:       0
HugePages_Free:        0
HugePages_Rsvd:        0
HugePages_Surp:        0
Hugepagesize:       2048 kB
DirectMap4k:      215552 kB
DirectMap2M:     5945344 kB
DirectMap1G:     3145728 kB


CPU:total 4 (2 cores per cpu, 2 threads per core) family 6 model 69 stepping 1, cmov, cx8, fxsr, mmx, sse, sse2, sse3, ssse3, sse4.1, sse4.2, popcnt, avx, avx2, aes, clmul, erms, lzcnt, ht, tsc, tscinvbit, bmi1, bmi2

/proc/cpuinfo:
processor	: 0
vendor_id	: GenuineIntel
cpu family	: 6
model		: 69
model name	: Intel(R) Core(TM) i5-4210U CPU @ 1.70GHz
stepping	: 1
microcode	: 0x1d
cpu MHz		: 2400.000
cache size	: 3072 KB
physical id	: 0
siblings	: 4
core id		: 0
cpu cores	: 2
apicid		: 0
initial apicid	: 0
fpu		: yes
fpu_exception	: yes
cpuid level	: 13
wp		: yes
flags		: fpu vme de pse tsc msr pae mce cx8 apic sep mtrr pge mca cmov pat pse36 clflush dts acpi mmx fxsr sse sse2 ss ht tm pbe syscall nx pdpe1gb rdtscp lm constant_tsc arch_perfmon pebs bts rep_good nopl xtopology nonstop_tsc aperfmperf eagerfpu pni pclmulqdq dtes64 monitor ds_cpl vmx est tm2 ssse3 sdbg fma cx16 xtpr pdcm pcid sse4_1 sse4_2 movbe popcnt tsc_deadline_timer aes xsave avx f16c rdrand lahf_lm abm epb tpr_shadow vnmi flexpriority ept vpid fsgsbase tsc_adjust bmi1 avx2 smep bmi2 erms invpcid xsaveopt dtherm ida arat pln pts
bugs		:
bogomips	: 4788.84
clflush size	: 64
cache_alignment	: 64
address sizes	: 39 bits physical, 48 bits virtual
power management:

processor	: 1
vendor_id	: GenuineIntel
cpu family	: 6
model		: 69
model name	: Intel(R) Core(TM) i5-4210U CPU @ 1.70GHz
stepping	: 1
microcode	: 0x1d
cpu MHz		: 2400.000
cache size	: 3072 KB
physical id	: 0
siblings	: 4
core id		: 0
cpu cores	: 2
apicid		: 1
initial apicid	: 1
fpu		: yes
fpu_exception	: yes
cpuid level	: 13
wp		: yes
flags		: fpu vme de pse tsc msr pae mce cx8 apic sep mtrr pge mca cmov pat pse36 clflush dts acpi mmx fxsr sse sse2 ss ht tm pbe syscall nx pdpe1gb rdtscp lm constant_tsc arch_perfmon pebs bts rep_good nopl xtopology nonstop_tsc aperfmperf eagerfpu pni pclmulqdq dtes64 monitor ds_cpl vmx est tm2 ssse3 sdbg fma cx16 xtpr pdcm pcid sse4_1 sse4_2 movbe popcnt tsc_deadline_timer aes xsave avx f16c rdrand lahf_lm abm epb tpr_shadow vnmi flexpriority ept vpid fsgsbase tsc_adjust bmi1 avx2 smep bmi2 erms invpcid xsaveopt dtherm ida arat pln pts
bugs		:
bogomips	: 4788.84
clflush size	: 64
cache_alignment	: 64
address sizes	: 39 bits physical, 48 bits virtual
power management:

processor	: 2
vendor_id	: GenuineIntel
cpu family	: 6
model		: 69
model name	: Intel(R) Core(TM) i5-4210U CPU @ 1.70GHz
stepping	: 1
microcode	: 0x1d
cpu MHz		: 2502.375
cache size	: 3072 KB
physical id	: 0
siblings	: 4
core id		: 1
cpu cores	: 2
apicid		: 2
initial apicid	: 2
fpu		: yes
fpu_exception	: yes
cpuid level	: 13
wp		: yes
flags		: fpu vme de pse tsc msr pae mce cx8 apic sep mtrr pge mca cmov pat pse36 clflush dts acpi mmx fxsr sse sse2 ss ht tm pbe syscall nx pdpe1gb rdtscp lm constant_tsc arch_perfmon pebs bts rep_good nopl xtopology nonstop_tsc aperfmperf eagerfpu pni pclmulqdq dtes64 monitor ds_cpl vmx est tm2 ssse3 sdbg fma cx16 xtpr pdcm pcid sse4_1 sse4_2 movbe popcnt tsc_deadline_timer aes xsave avx f16c rdrand lahf_lm abm epb tpr_shadow vnmi flexpriority ept vpid fsgsbase tsc_adjust bmi1 avx2 smep bmi2 erms invpcid xsaveopt dtherm ida arat pln pts
bugs		:
bogomips	: 4788.84
clflush size	: 64
cache_alignment	: 64
address sizes	: 39 bits physical, 48 bits virtual
power management:

processor	: 3
vendor_id	: GenuineIntel
cpu family	: 6
model		: 69
model name	: Intel(R) Core(TM) i5-4210U CPU @ 1.70GHz
stepping	: 1
microcode	: 0x1d
cpu MHz		: 2543.437
cache size	: 3072 KB
physical id	: 0
siblings	: 4
core id		: 1
cpu cores	: 2
apicid		: 3
initial apicid	: 3
fpu		: yes
fpu_exception	: yes
cpuid level	: 13
wp		: yes
flags		: fpu vme de pse tsc msr pae mce cx8 apic sep mtrr pge mca cmov pat pse36 clflush dts acpi mmx fxsr sse sse2 ss ht tm pbe syscall nx pdpe1gb rdtscp lm constant_tsc arch_perfmon pebs bts rep_good nopl xtopology nonstop_tsc aperfmperf eagerfpu pni pclmulqdq dtes64 monitor ds_cpl vmx est tm2 ssse3 sdbg fma cx16 xtpr pdcm pcid sse4_1 sse4_2 movbe popcnt tsc_deadline_timer aes xsave avx f16c rdrand lahf_lm abm epb tpr_shadow vnmi flexpriority ept vpid fsgsbase tsc_adjust bmi1 avx2 smep bmi2 erms invpcid xsaveopt dtherm ida arat pln pts
bugs		:
bogomips	: 4788.84
clflush size	: 64
cache_alignment	: 64
address sizes	: 39 bits physical, 48 bits virtual
power management:



Memory: 4k page, physical 8044104k(145912k free), swap 0k(0k free)

vm_info: OpenJDK 64-Bit Server VM (25.76-b03) for linux-amd64 JRE (1.8.0_76-release-b03), built on Jun 29 2016 09:39:19 by "builder" with gcc 4.8.4

time: Fri Sep 30 23:06:13 2016
elapsed time: 17 seconds (0d 0h 0m 17s)

