#
# There is insufficient memory for the Java Runtime Environment to continue.
# Native memory allocation (mmap) failed to map 144179200 bytes for committing reserved memory.
# Possible reasons:
#   The system is out of physical RAM or swap space
#   In 32 bit mode, the process size limit was hit
# Possible solutions:
#   Reduce memory load on the system
#   Increase physical memory or swap space
#   Check if swap backing store is full
#   Use 64 bit Java on a 64 bit OS
#   Decrease Java heap size (-Xmx/-Xms)
#   Decrease number of Java threads
#   Decrease Java thread stack sizes (-Xss)
#   Set larger code cache with -XX:ReservedCodeCacheSize=
# This output file may be truncated or incomplete.
#
#  Out of Memory Error (os_linux.cpp:2630), pid=31468, tid=140475865474816
#
# JRE version: OpenJDK Runtime Environment (8.0_91-b14) (build 1.8.0_91-8u91-b14-3ubuntu1~16.04.1-b14)
# Java VM: OpenJDK 64-Bit Server VM (25.91-b14 mixed mode linux-amd64 compressed oops)
# Failed to write core dump. Core dumps have been disabled. To enable core dumping, try "ulimit -c unlimited" before starting Java again
#

---------------  T H R E A D  ---------------

Current thread (0x00007fc330077800):  VMThread [stack: 0x00007fc315ffa000,0x00007fc3160fb000] [id=31479]

Stack: [0x00007fc315ffa000,0x00007fc3160fb000],  sp=0x00007fc3160f94c0,  free space=1021k
Native frames: (J=compiled Java code, j=interpreted, Vv=VM code, C=native code)
V  [libjvm.so+0xa5de1b]
V  [libjvm.so+0x4c178c]
V  [libjvm.so+0x8ae9d0]
V  [libjvm.so+0x8a8e4e]
V  [libjvm.so+0x922f46]
V  [libjvm.so+0x924273]
V  [libjvm.so+0x920923]
V  [libjvm.so+0x920bec]
V  [libjvm.so+0x8d3263]
V  [libjvm.so+0xa5fad2]
V  [libjvm.so+0xa64b57]
V  [libjvm.so+0xa62327]
V  [libjvm.so+0xa637af]
V  [libjvm.so+0xa63ca1]
V  [libjvm.so+0x8abeb2]

VM_Operation (0x00007fc3152b4f20): ParallelGCFailedAllocation, mode: safepoint, requested by thread 0x00007fc33017c000


---------------  P R O C E S S  ---------------

Java Threads: ( => current thread )
  0x00007fc330182000 JavaThread "pool-2-thread-4" [_thread_blocked, id=31515, stack(0x00007fc314fb4000,0x00007fc3150b5000)]
  0x00007fc33017c000 JavaThread "pool-2-thread-2" [_thread_blocked, id=31512, stack(0x00007fc3151b6000,0x00007fc3152b7000)]
  0x00007fc33017a000 JavaThread "pool-3-thread-1" [_thread_blocked, id=31511, stack(0x00007fc3152b7000,0x00007fc3153b8000)]
  0x00007fc3300b9000 JavaThread "Service Thread" daemon [_thread_blocked, id=31495, stack(0x00007fc31561b000,0x00007fc31571c000)]
  0x00007fc3300b2000 JavaThread "C1 CompilerThread2" daemon [_thread_blocked, id=31494, stack(0x00007fc31571c000,0x00007fc31581d000)]
  0x00007fc3300b0000 JavaThread "C2 CompilerThread1" daemon [_thread_blocked, id=31493, stack(0x00007fc31581d000,0x00007fc31591e000)]
  0x00007fc3300ad000 JavaThread "C2 CompilerThread0" daemon [_thread_blocked, id=31492, stack(0x00007fc31591e000,0x00007fc315a1f000)]
  0x00007fc3300ab000 JavaThread "Signal Dispatcher" daemon [_thread_blocked, id=31491, stack(0x00007fc315a1f000,0x00007fc315b20000)]
  0x00007fc330084000 JavaThread "Finalizer" daemon [_thread_blocked, id=31486, stack(0x00007fc315df8000,0x00007fc315ef9000)]
  0x00007fc33007f800 JavaThread "Reference Handler" daemon [_thread_blocked, id=31483, stack(0x00007fc315ef9000,0x00007fc315ffa000)]
  0x00007fc33000a800 JavaThread "main" [_thread_blocked, id=31470, stack(0x00007fc337dd4000,0x00007fc337ed5000)]

Other Threads:
=>0x00007fc330077800 VMThread [stack: 0x00007fc315ffa000,0x00007fc3160fb000] [id=31479]
  0x00007fc3300bb800 WatcherThread [stack: 0x00007fc31551a000,0x00007fc31561b000] [id=31496]

VM state:at safepoint (normal execution)

VM Mutex/Monitor currently owned by a thread:  ([mutex/lock_event])
[0x00007fc330006890] Threads_lock - owner thread: 0x00007fc330077800
[0x00007fc330006d90] Heap_lock - owner thread: 0x00007fc33017c000

Heap:
 PSYoungGen      total 614400K, used 172534K [0x000000076ab00000, 0x000000079f900000, 0x00000007c0000000)
  eden space 441856K, 0% used [0x000000076ab00000,0x000000076ab00000,0x0000000785a80000)
  from space 172544K, 99% used [0x0000000795080000,0x000000079f8fd868,0x000000079f900000)
  to   space 109056K, 0% used [0x0000000785a80000,0x0000000785a80000,0x000000078c500000)
 ParOldGen       total 363520K, used 207668K [0x00000006c0000000, 0x00000006d6300000, 0x000000076ab00000)
  object space 363520K, 57% used [0x00000006c0000000,0x00000006ccacd258,0x00000006d6300000)
 Metaspace       used 6362K, capacity 7216K, committed 7296K, reserved 1056768K
  class space    used 586K, capacity 616K, committed 640K, reserved 1048576K

Card table byte_map: [0x00007fc3207ff000,0x00007fc321000000] byte_map_base: 0x00007fc31d1ff000

Marking Bits: (ParMarkBitMap*) 0x00007fc3370a5fc0
 Begin Bits: [0x00007fc3182a9000, 0x00007fc31c2a9000)
 End Bits:   [0x00007fc31c2a9000, 0x00007fc3202a9000)

Polling page: 0x00007fc337ef7000

CodeCache: size=245760Kb used=9742Kb max_used=9760Kb free=236017Kb
 bounds [0x00007fc321000000, 0x00007fc3219a0000, 0x00007fc330000000]
 total_blobs=2407 nmethods=2140 adapters=181
 compilation: enabled

Compilation events (10 events):
Event: 41.353 Thread 0x00007fc3300ad000 nmethod 2412 0x00007fc321989790 code [0x00007fc321989aa0, 0x00007fc32198c6a8]
Event: 41.354 Thread 0x00007fc3300ad000 2341       4       com.android.dx.ssa.SsaMethod::mapRegisters (87 bytes)
Event: 41.591 Thread 0x00007fc3300ad000 nmethod 2341 0x00007fc321975750 code [0x00007fc3219759e0, 0x00007fc321977110]
Event: 41.591 Thread 0x00007fc3300ad000 2415 %     4       com.android.dx.ssa.SsaConverter::edgeSplitSuccessors @ 45 (98 bytes)
Event: 41.615 Thread 0x00007fc3300b0000 nmethod 2414% 0x00007fc32198f4d0 code [0x00007fc32198f820, 0x00007fc321991708]
Event: 41.615 Thread 0x00007fc3300b0000 2417 %     4       com.android.dx.ssa.SsaMethod::forEachBlockDepthFirstDom @ 76 (128 bytes)
Event: 41.715 Thread 0x00007fc3300b0000 nmethod 2417% 0x00007fc321972e10 code [0x00007fc321973080, 0x00007fc321974598]
Event: 41.715 Thread 0x00007fc3300b0000 2361 %     4       com.android.dx.ssa.Dominators::run @ 137 (506 bytes)
Event: 41.845 Thread 0x00007fc3300b0000 nmethod 2361% 0x00007fc32194e8d0 code [0x00007fc32194ebe0, 0x00007fc3219504d8]
Event: 41.845 Thread 0x00007fc3300b0000 2418       4       com.android.dx.cf.code.Ropper::addExceptionSetupBlocks (203 bytes)

GC Heap History (10 events):
Event: 18.389 GC heap after
Heap after GC invocations=7 (full 0):
 PSYoungGen      total 277504K, used 36342K [0x000000076ab00000, 0x0000000793d00000, 0x00000007c0000000)
  eden space 241152K, 0% used [0x000000076ab00000,0x000000076ab00000,0x0000000779680000)
  from space 36352K, 99% used [0x0000000779680000,0x000000077b9fdbc0,0x000000077ba00000)
  to   space 95744K, 0% used [0x000000078df80000,0x000000078df80000,0x0000000793d00000)
 ParOldGen       total 155648K, used 155442K [0x00000006c0000000, 0x00000006c9800000, 0x000000076ab00000)
  object space 155648K, 99% used [0x00000006c0000000,0x00000006c97cc820,0x00000006c9800000)
 Metaspace       used 6313K, capacity 7216K, committed 7296K, reserved 1056768K
  class space    used 585K, capacity 616K, committed 640K, reserved 1048576K
}
Event: 18.389 GC heap before
{Heap before GC invocations=8 (full 1):
 PSYoungGen      total 277504K, used 36342K [0x000000076ab00000, 0x0000000793d00000, 0x00000007c0000000)
  eden space 241152K, 0% used [0x000000076ab00000,0x000000076ab00000,0x0000000779680000)
  from space 36352K, 99% used [0x0000000779680000,0x000000077b9fdbc0,0x000000077ba00000)
  to   space 95744K, 0% used [0x000000078df80000,0x000000078df80000,0x0000000793d00000)
 ParOldGen       total 155648K, used 155442K [0x00000006c0000000, 0x00000006c9800000, 0x000000076ab00000)
  object space 155648K, 99% used [0x00000006c0000000,0x00000006c97cc820,0x00000006c9800000)
 Metaspace       used 6313K, capacity 7216K, committed 7296K, reserved 1056768K
  class space    used 585K, capacity 616K, committed 640K, reserved 1048576K
Event: 20.161 GC heap after
Heap after GC invocations=8 (full 1):
 PSYoungGen      total 277504K, used 21351K [0x000000076ab00000, 0x0000000793d00000, 0x00000007c0000000)
  eden space 241152K, 0% used [0x000000076ab00000,0x000000076ab00000,0x0000000779680000)
  from space 36352K, 58% used [0x0000000779680000,0x000000077ab59ff0,0x000000077ba00000)
  to   space 95744K, 0% used [0x000000078df80000,0x000000078df80000,0x0000000793d00000)
 ParOldGen       total 269824K, used 155148K [0x00000006c0000000, 0x00000006d0780000, 0x000000076ab00000)
  object space 269824K, 57% used [0x00000006c0000000,0x00000006c97831c8,0x00000006d0780000)
 Metaspace       used 6313K, capacity 7216K, committed 7296K, reserved 1056768K
  class space    used 585K, capacity 616K, committed 640K, reserved 1048576K
}
Event: 21.237 GC heap before
{Heap before GC invocations=9 (full 1):
 PSYoungGen      total 277504K, used 262503K [0x000000076ab00000, 0x0000000793d00000, 0x00000007c0000000)
  eden space 241152K, 100% used [0x000000076ab00000,0x0000000779680000,0x0000000779680000)
  from space 36352K, 58% used [0x0000000779680000,0x000000077ab59ff0,0x000000077ba00000)
  to   space 95744K, 0% used [0x000000078df80000,0x000000078df80000,0x0000000793d00000)
 ParOldGen       total 269824K, used 155148K [0x00000006c0000000, 0x00000006d0780000, 0x000000076ab00000)
  object space 269824K, 57% used [0x00000006c0000000,0x00000006c97831c8,0x00000006d0780000)
 Metaspace       used 6340K, capacity 7216K, committed 7296K, reserved 1056768K
  class space    used 585K, capacity 616K, committed 640K, reserved 1048576K
Event: 21.524 GC heap after
Heap after GC invocations=9 (full 1):
 PSYoungGen      total 445952K, used 81758K [0x000000076ab00000, 0x0000000792f80000, 0x00000007c0000000)
  eden space 364032K, 0% used [0x000000076ab00000,0x000000076ab00000,0x0000000780e80000)
  from space 81920K, 99% used [0x000000078df80000,0x0000000792f579d0,0x0000000792f80000)
  to   space 109056K, 0% used [0x0000000785a80000,0x0000000785a80000,0x000000078c500000)
 ParOldGen       total 269824K, used 155148K [0x00000006c0000000, 0x00000006d0780000, 0x000000076ab00000)
  object space 269824K, 57% used [0x00000006c0000000,0x00000006c97831c8,0x00000006d0780000)
 Metaspace       used 6340K, capacity 7216K, committed 7296K, reserved 1056768K
  class space    used 585K, capacity 616K, committed 640K, reserved 1048576K
}
Event: 26.265 GC heap before
{Heap before GC invocations=10 (full 1):
 PSYoungGen      total 445952K, used 445790K [0x000000076ab00000, 0x0000000792f80000, 0x00000007c0000000)
  eden space 364032K, 100% used [0x000000076ab00000,0x0000000780e80000,0x0000000780e80000)
  from space 81920K, 99% used [0x000000078df80000,0x0000000792f579d0,0x0000000792f80000)
  to   space 109056K, 0% used [0x0000000785a80000,0x0000000785a80000,0x000000078c500000)
 ParOldGen       total 269824K, used 155148K [0x00000006c0000000, 0x00000006d0780000, 0x000000076ab00000)
  object space 269824K, 57% used [0x00000006c0000000,0x00000006c97831c8,0x00000006d0780000)
 Metaspace       used 6362K, capacity 7216K, committed 7296K, reserved 1056768K
  class space    used 586K, capacity 616K, committed 640K, reserved 1048576K
Event: 34.222 GC heap after
Heap after GC invocations=10 (full 1):
 PSYoungGen      total 550912K, used 109041K [0x000000076ab00000, 0x000000079f900000, 0x00000007c0000000)
  eden space 441856K, 0% used [0x000000076ab00000,0x000000076ab00000,0x0000000785a80000)
  from space 109056K, 99% used [0x0000000785a80000,0x000000078c4fc4b0,0x000000078c500000)
  to   space 172544K, 0% used [0x0000000795080000,0x0000000795080000,0x000000079f900000)
 ParOldGen       total 269824K, used 261436K [0x00000006c0000000, 0x00000006d0780000, 0x000000076ab00000)
  object space 269824K, 96% used [0x00000006c0000000,0x00000006cff4f2f8,0x00000006d0780000)
 Metaspace       used 6362K, capacity 7216K, committed 7296K, reserved 1056768K
  class space    used 586K, capacity 616K, committed 640K, reserved 1048576K
}
Event: 34.228 GC heap before
{Heap before GC invocations=11 (full 2):
 PSYoungGen      total 550912K, used 109041K [0x000000076ab00000, 0x000000079f900000, 0x00000007c0000000)
  eden space 441856K, 0% used [0x000000076ab00000,0x000000076ab00000,0x0000000785a80000)
  from space 109056K, 99% used [0x0000000785a80000,0x000000078c4fc4b0,0x000000078c500000)
  to   space 172544K, 0% used [0x0000000795080000,0x0000000795080000,0x000000079f900000)
 ParOldGen       total 269824K, used 261436K [0x00000006c0000000, 0x00000006d0780000, 0x000000076ab00000)
  object space 269824K, 96% used [0x00000006c0000000,0x00000006cff4f2f8,0x00000006d0780000)
 Metaspace       used 6362K, capacity 7216K, committed 7296K, reserved 1056768K
  class space    used 586K, capacity 616K, committed 640K, reserved 1048576K
Event: 36.994 GC heap after
Heap after GC invocations=11 (full 2):
 PSYoungGen      total 550912K, used 0K [0x000000076ab00000, 0x000000079f900000, 0x00000007c0000000)
  eden space 441856K, 0% used [0x000000076ab00000,0x000000076ab00000,0x0000000785a80000)
  from space 109056K, 0% used [0x0000000785a80000,0x0000000785a80000,0x000000078c500000)
  to   space 172544K, 0% used [0x0000000795080000,0x0000000795080000,0x000000079f900000)
 ParOldGen       total 363520K, used 203710K [0x00000006c0000000, 0x00000006d6300000, 0x000000076ab00000)
  object space 363520K, 56% used [0x00000006c0000000,0x00000006cc6efb20,0x00000006d6300000)
 Metaspace       used 6362K, capacity 7216K, committed 7296K, reserved 1056768K
  class space    used 586K, capacity 616K, committed 640K, reserved 1048576K
}
Event: 41.878 GC heap before
{Heap before GC invocations=12 (full 2):
 PSYoungGen      total 550912K, used 441856K [0x000000076ab00000, 0x000000079f900000, 0x00000007c0000000)
  eden space 441856K, 100% used [0x000000076ab00000,0x0000000785a80000,0x0000000785a80000)
  from space 109056K, 0% used [0x0000000785a80000,0x0000000785a80000,0x000000078c500000)
  to   space 172544K, 0% used [0x0000000795080000,0x0000000795080000,0x000000079f900000)
 ParOldGen       total 363520K, used 203710K [0x00000006c0000000, 0x00000006d6300000, 0x000000076ab00000)
  object space 363520K, 56% used [0x00000006c0000000,0x00000006cc6efb20,0x00000006d6300000)
 Metaspace       used 6362K, capacity 7216K, committed 7296K, reserved 1056768K
  class space    used 586K, capacity 616K, committed 640K, reserved 1048576K

Deoptimization events (10 events):
Event: 11.111 Thread 0x00007fc33000a800 Uncommon trap: reason=unstable_if action=reinterpret pc=0x00007fc32154339c method=com.android.dx.cf.code.Merger.mergeType(Lcom/android/dx/rop/type/TypeBearer;Lcom/android/dx/rop/type/TypeBearer;)Lcom/android/dx/rop/type/TypeBearer; @ 52
Event: 11.385 Thread 0x00007fc33000a800 Uncommon trap: reason=bimorphic action=maybe_recompile pc=0x00007fc32157a41c method=com.android.dx.cf.code.BytecodeArray.parseInstruction(ILcom/android/dx/cf/code/BytecodeArray$Visitor;)I @ 1357
Event: 11.385 Thread 0x00007fc33000a800 Uncommon trap: reason=bimorphic action=maybe_recompile pc=0x00007fc32157a41c method=com.android.dx.cf.code.BytecodeArray.parseInstruction(ILcom/android/dx/cf/code/BytecodeArray$Visitor;)I @ 1357
Event: 13.573 Thread 0x00007fc33000a800 Uncommon trap: reason=bimorphic action=maybe_recompile pc=0x00007fc321578118 method=com.android.dx.cf.code.BytecodeArray.parseInstruction(ILcom/android/dx/cf/code/BytecodeArray$Visitor;)I @ 1501
Event: 13.574 Thread 0x00007fc33000a800 Uncommon trap: reason=bimorphic action=maybe_recompile pc=0x00007fc321578118 method=com.android.dx.cf.code.BytecodeArray.parseInstruction(ILcom/android/dx/cf/code/BytecodeArray$Visitor;)I @ 1501
Event: 14.188 Thread 0x00007fc33000a800 Uncommon trap: reason=unstable_if action=reinterpret pc=0x00007fc3215684d8 method=java.util.HashMap.putVal(ILjava/lang/Object;Ljava/lang/Object;ZZ)Ljava/lang/Object; @ 109
Event: 20.842 Thread 0x00007fc33000a800 Uncommon trap: reason=unstable_if action=reinterpret pc=0x00007fc3217ae128 method=com.android.dx.cf.code.Ropper.isSynchronized()Z @ 12
Event: 20.843 Thread 0x00007fc33000a800 Uncommon trap: reason=unstable_if action=reinterpret pc=0x00007fc3216280d0 method=com.android.dx.ssa.MoveParamCombiner$1.visitNonMoveInsn(Lcom/android/dx/ssa/NormalSsaInsn;)V @ 27
Event: 24.177 Thread 0x00007fc33000a800 Uncommon trap: reason=bimorphic action=maybe_recompile pc=0x00007fc32183a7dc method=com.android.dx.cf.code.BytecodeArray.parseInstruction(ILcom/android/dx/cf/code/BytecodeArray$Visitor;)I @ 2554
Event: 24.177 Thread 0x00007fc33000a800 Uncommon trap: reason=bimorphic action=maybe_recompile pc=0x00007fc32183a7dc method=com.android.dx.cf.code.BytecodeArray.parseInstruction(ILcom/android/dx/cf/code/BytecodeArray$Visitor;)I @ 2554

Internal exceptions (5 events):
Event: 0.039 Thread 0x00007fc33000a800 Exception <a 'java/lang/NoSuchMethodError': Method sun.misc.Unsafe.defineClass(Ljava/lang/String;[BII)Ljava/lang/Class; name or signature does not match> (0x000000076ab07cc0) thrown at [/build/openjdk-8-W1Ghxo/openjdk-8-8u91-b14/src/hotspot/src/share/vm/p
Event: 0.039 Thread 0x00007fc33000a800 Exception <a 'java/lang/NoSuchMethodError': Method sun.misc.Unsafe.prefetchRead(Ljava/lang/Object;J)V name or signature does not match> (0x000000076ab07fa8) thrown at [/build/openjdk-8-W1Ghxo/openjdk-8-8u91-b14/src/hotspot/src/share/vm/prims/jni.cpp, line
Event: 3.754 Thread 0x00007fc330182000 Exception <a 'java/lang/ArrayIndexOutOfBoundsException': 18> (0x000000076d51ebb0) thrown at [/build/openjdk-8-W1Ghxo/openjdk-8-8u91-b14/src/hotspot/src/share/vm/interpreter/interpreterRuntime.cpp, line 366]
Event: 3.754 Thread 0x00007fc330182000 Exception <a 'java/lang/ArrayIndexOutOfBoundsException': 145> (0x000000076d520730) thrown at [/build/openjdk-8-W1Ghxo/openjdk-8-8u91-b14/src/hotspot/src/share/vm/interpreter/interpreterRuntime.cpp, line 366]
Event: 3.764 Thread 0x00007fc330182000 Exception <a 'java/lang/ArrayIndexOutOfBoundsException': 40> (0x000000076d521a18) thrown at [/build/openjdk-8-W1Ghxo/openjdk-8-8u91-b14/src/hotspot/src/share/vm/interpreter/interpreterRuntime.cpp, line 366]

Events (10 events):
Event: 41.723 Thread 0x00007fc33017c000 DEOPT UNPACKING pc=0x00007fc321047373 sp=0x00007fc3152b4d58 mode 0
Event: 41.737 Thread 0x00007fc33017c000 DEOPT PACKING pc=0x00007fc3212aef7d sp=0x00007fc3152b4fd0
Event: 41.737 Thread 0x00007fc33017c000 DEOPT UNPACKING pc=0x00007fc321047373 sp=0x00007fc3152b4d58 mode 0
Event: 41.737 Thread 0x00007fc33017c000 DEOPT PACKING pc=0x00007fc3212aef7d sp=0x00007fc3152b4fd0
Event: 41.737 Thread 0x00007fc33017c000 DEOPT UNPACKING pc=0x00007fc321047373 sp=0x00007fc3152b4d58 mode 0
Event: 41.738 Thread 0x00007fc33017c000 DEOPT PACKING pc=0x00007fc3215a1947 sp=0x00007fc3152b5100
Event: 41.738 Thread 0x00007fc33017c000 DEOPT UNPACKING pc=0x00007fc321047373 sp=0x00007fc3152b4f08 mode 0
Event: 41.776 Thread 0x00007fc330182000 DEOPT PACKING pc=0x00007fc3215def31 sp=0x00007fc3150b3120
Event: 41.776 Thread 0x00007fc330182000 DEOPT UNPACKING pc=0x00007fc321047373 sp=0x00007fc3150b2ed0 mode 0
Event: 41.877 Executing VM operation: ParallelGCFailedAllocation


Dynamic libraries:
00400000-00401000 r-xp 00000000 08:02 15209182                           /usr/lib/jvm/java-8-openjdk-amd64/jre/bin/java
00600000-00601000 r--p 00000000 08:02 15209182                           /usr/lib/jvm/java-8-openjdk-amd64/jre/bin/java
00601000-00602000 rw-p 00001000 08:02 15209182                           /usr/lib/jvm/java-8-openjdk-amd64/jre/bin/java
00748000-00769000 rw-p 00000000 00:00 0                                  [heap]
6c0000000-6d6300000 rw-p 00000000 00:00 0 
6d6300000-76ab00000 ---p 00000000 00:00 0 
76ab00000-79f900000 rw-p 00000000 00:00 0 
7a8280000-7c0000000 ---p 00000000 00:00 0 
7c0000000-7c00a0000 rw-p 00000000 00:00 0 
7c00a0000-800000000 ---p 00000000 00:00 0 
7fc2c8000000-7fc2c824a000 rw-p 00000000 00:00 0 
7fc2c824a000-7fc2cc000000 ---p 00000000 00:00 0 
7fc2d0000000-7fc2d01ec000 rw-p 00000000 00:00 0 
7fc2d01ec000-7fc2d4000000 ---p 00000000 00:00 0 
7fc2d4000000-7fc2d417f000 rw-p 00000000 00:00 0 
7fc2d417f000-7fc2d8000000 ---p 00000000 00:00 0 
7fc2d8000000-7fc2d8136000 rw-p 00000000 00:00 0 
7fc2d8136000-7fc2dc000000 ---p 00000000 00:00 0 
7fc2dc000000-7fc2dc021000 rw-p 00000000 00:00 0 
7fc2dc021000-7fc2e0000000 ---p 00000000 00:00 0 
7fc2e0000000-7fc2e0021000 rw-p 00000000 00:00 0 
7fc2e0021000-7fc2e4000000 ---p 00000000 00:00 0 
7fc2e4000000-7fc2e4021000 rw-p 00000000 00:00 0 
7fc2e4021000-7fc2e8000000 ---p 00000000 00:00 0 
7fc2e8000000-7fc2e9405000 rw-p 00000000 00:00 0 
7fc2e9405000-7fc2ec000000 ---p 00000000 00:00 0 
7fc2ec000000-7fc2ecc3c000 rw-p 00000000 00:00 0 
7fc2ecc3c000-7fc2f0000000 ---p 00000000 00:00 0 
7fc2f0000000-7fc2f0021000 rw-p 00000000 00:00 0 
7fc2f0021000-7fc2f4000000 ---p 00000000 00:00 0 
7fc2f4000000-7fc2f51e4000 rw-p 00000000 00:00 0 
7fc2f51e4000-7fc2f8000000 ---p 00000000 00:00 0 
7fc2f8000000-7fc2f8021000 rw-p 00000000 00:00 0 
7fc2f8021000-7fc2fc000000 ---p 00000000 00:00 0 
7fc2fc000000-7fc2fc021000 rw-p 00000000 00:00 0 
7fc2fc021000-7fc300000000 ---p 00000000 00:00 0 
7fc300000000-7fc300021000 rw-p 00000000 00:00 0 
7fc300021000-7fc304000000 ---p 00000000 00:00 0 
7fc304000000-7fc304021000 rw-p 00000000 00:00 0 
7fc304021000-7fc308000000 ---p 00000000 00:00 0 
7fc308000000-7fc308021000 rw-p 00000000 00:00 0 
7fc308021000-7fc30c000000 ---p 00000000 00:00 0 
7fc30c000000-7fc30c021000 rw-p 00000000 00:00 0 
7fc30c021000-7fc310000000 ---p 00000000 00:00 0 
7fc310000000-7fc310021000 rw-p 00000000 00:00 0 
7fc310021000-7fc314000000 ---p 00000000 00:00 0 
7fc314fb4000-7fc314fb7000 ---p 00000000 00:00 0 
7fc314fb7000-7fc3150b5000 rw-p 00000000 00:00 0 
7fc3150b5000-7fc3150b8000 ---p 00000000 00:00 0 
7fc3150b8000-7fc3151b6000 rw-p 00000000 00:00 0 
7fc3151b6000-7fc3151b9000 ---p 00000000 00:00 0 
7fc3151b9000-7fc3152b7000 rw-p 00000000 00:00 0 
7fc3152b7000-7fc3152ba000 ---p 00000000 00:00 0 
7fc3152ba000-7fc3153b8000 rw-p 00000000 00:00 0 
7fc3153b8000-7fc3153bb000 ---p 00000000 00:00 0 
7fc3153bb000-7fc3154b9000 rw-p 00000000 00:00 0 
7fc3154cb000-7fc3154d9000 r--s 000e0000 08:02 1840824                    /home/powerpack/Documents/Android/android-sdk-linux/build-tools/24.0.2/lib/dx.jar
7fc3154d9000-7fc3154e3000 r--s 00116000 08:02 15209549                   /usr/lib/jvm/java-8-openjdk-amd64/jre/lib/ext/localedata.jar
7fc3154e3000-7fc3154fe000 r--s 001d7000 08:02 15209541                   /usr/lib/jvm/java-8-openjdk-amd64/jre/lib/ext/nashorn.jar
7fc3154fe000-7fc31551a000 r--s 00393000 08:02 15209543                   /usr/lib/jvm/java-8-openjdk-amd64/jre/lib/ext/cldrdata.jar
7fc31551a000-7fc31551b000 ---p 00000000 00:00 0 
7fc31551b000-7fc31561b000 rw-p 00000000 00:00 0 
7fc31561b000-7fc31561e000 ---p 00000000 00:00 0 
7fc31561e000-7fc31571c000 rw-p 00000000 00:00 0 
7fc31571c000-7fc31571f000 ---p 00000000 00:00 0 
7fc31571f000-7fc31581d000 rw-p 00000000 00:00 0 
7fc31581d000-7fc315820000 ---p 00000000 00:00 0 
7fc315820000-7fc31591e000 rw-p 00000000 00:00 0 
7fc31591e000-7fc315921000 ---p 00000000 00:00 0 
7fc315921000-7fc315a1f000 rw-p 00000000 00:00 0 
7fc315a1f000-7fc315a22000 ---p 00000000 00:00 0 
7fc315a22000-7fc315b20000 rw-p 00000000 00:00 0 
7fc315b20000-7fc315df8000 r--p 00000000 08:02 15205983                   /usr/lib/locale/locale-archive
7fc315df8000-7fc315dfb000 ---p 00000000 00:00 0 
7fc315dfb000-7fc315ef9000 rw-p 00000000 00:00 0 
7fc315ef9000-7fc315efc000 ---p 00000000 00:00 0 
7fc315efc000-7fc315ffa000 rw-p 00000000 00:00 0 
7fc315ffa000-7fc315ffb000 ---p 00000000 00:00 0 
7fc315ffb000-7fc3170db000 rw-p 00000000 00:00 0 
7fc3170db000-7fc3172a9000 r--s 03beb000 08:02 15209529                   /usr/lib/jvm/java-8-openjdk-amd64/jre/lib/rt.jar
7fc3172a9000-7fc317929000 rw-p 00000000 00:00 0 
7fc317929000-7fc317aa9000 ---p 00000000 00:00 0 
7fc317aa9000-7fc32035b000 rw-p 00000000 00:00 0 
7fc32035b000-7fc3207ff000 ---p 00000000 00:00 0 
7fc3207ff000-7fc3208b1000 rw-p 00000000 00:00 0 
7fc3208b1000-7fc320d54000 ---p 00000000 00:00 0 
7fc320d54000-7fc320efc000 rw-p 00000000 00:00 0 
7fc320efc000-7fc320fff000 ---p 00000000 00:00 0 
7fc320fff000-7fc321000000 rw-p 00000000 00:00 0 
7fc321000000-7fc3219a0000 rwxp 00000000 00:00 0 
7fc3219a0000-7fc330000000 ---p 00000000 00:00 0 
7fc330000000-7fc3301fd000 rw-p 00000000 00:00 0 
7fc3301fd000-7fc334000000 ---p 00000000 00:00 0 
7fc334004000-7fc33409b000 rw-p 00000000 00:00 0 
7fc33409b000-7fc33409c000 ---p 00000000 00:00 0 
7fc33409c000-7fc33419c000 rw-p 00000000 00:00 0 
7fc33419c000-7fc33419d000 ---p 00000000 00:00 0 
7fc33419d000-7fc33429d000 rw-p 00000000 00:00 0 
7fc33429d000-7fc33429e000 ---p 00000000 00:00 0 
7fc33429e000-7fc33439e000 rw-p 00000000 00:00 0 
7fc33439e000-7fc33439f000 ---p 00000000 00:00 0 
7fc33439f000-7fc3344c6000 rw-p 00000000 00:00 0 
7fc3344c6000-7fc33485f000 ---p 00000000 00:00 0 
7fc33485f000-7fc334867000 r-xp 00000000 08:02 15209497                   /usr/lib/jvm/java-8-openjdk-amd64/jre/lib/amd64/libzip.so
7fc334867000-7fc334a66000 ---p 00008000 08:02 15209497                   /usr/lib/jvm/java-8-openjdk-amd64/jre/lib/amd64/libzip.so
7fc334a66000-7fc334a67000 r--p 00007000 08:02 15209497                   /usr/lib/jvm/java-8-openjdk-amd64/jre/lib/amd64/libzip.so
7fc334a67000-7fc334a68000 rw-p 00008000 08:02 15209497                   /usr/lib/jvm/java-8-openjdk-amd64/jre/lib/amd64/libzip.so
7fc334a68000-7fc334a73000 r-xp 00000000 08:02 4587607                    /lib/x86_64-linux-gnu/libnss_files-2.23.so
7fc334a73000-7fc334c72000 ---p 0000b000 08:02 4587607                    /lib/x86_64-linux-gnu/libnss_files-2.23.so
7fc334c72000-7fc334c73000 r--p 0000a000 08:02 4587607                    /lib/x86_64-linux-gnu/libnss_files-2.23.so
7fc334c73000-7fc334c74000 rw-p 0000b000 08:02 4587607                    /lib/x86_64-linux-gnu/libnss_files-2.23.so
7fc334c74000-7fc334c7a000 rw-p 00000000 00:00 0 
7fc334c7a000-7fc334c85000 r-xp 00000000 08:02 4587604                    /lib/x86_64-linux-gnu/libnss_nis-2.23.so
7fc334c85000-7fc334e84000 ---p 0000b000 08:02 4587604                    /lib/x86_64-linux-gnu/libnss_nis-2.23.so
7fc334e84000-7fc334e85000 r--p 0000a000 08:02 4587604                    /lib/x86_64-linux-gnu/libnss_nis-2.23.so
7fc334e85000-7fc334e86000 rw-p 0000b000 08:02 4587604                    /lib/x86_64-linux-gnu/libnss_nis-2.23.so
7fc334e86000-7fc334e9c000 r-xp 00000000 08:02 4587545                    /lib/x86_64-linux-gnu/libnsl-2.23.so
7fc334e9c000-7fc33509b000 ---p 00016000 08:02 4587545                    /lib/x86_64-linux-gnu/libnsl-2.23.so
7fc33509b000-7fc33509c000 r--p 00015000 08:02 4587545                    /lib/x86_64-linux-gnu/libnsl-2.23.so
7fc33509c000-7fc33509d000 rw-p 00016000 08:02 4587545                    /lib/x86_64-linux-gnu/libnsl-2.23.so
7fc33509d000-7fc33509f000 rw-p 00000000 00:00 0 
7fc33509f000-7fc3350a7000 r-xp 00000000 08:02 4587534                    /lib/x86_64-linux-gnu/libnss_compat-2.23.so
7fc3350a7000-7fc3352a6000 ---p 00008000 08:02 4587534                    /lib/x86_64-linux-gnu/libnss_compat-2.23.so
7fc3352a6000-7fc3352a7000 r--p 00007000 08:02 4587534                    /lib/x86_64-linux-gnu/libnss_compat-2.23.so
7fc3352a7000-7fc3352a8000 rw-p 00008000 08:02 4587534                    /lib/x86_64-linux-gnu/libnss_compat-2.23.so
7fc3352a8000-7fc3352d5000 r-xp 00000000 08:02 15209482                   /usr/lib/jvm/java-8-openjdk-amd64/jre/lib/amd64/libjava.so
7fc3352d5000-7fc3354d4000 ---p 0002d000 08:02 15209482                   /usr/lib/jvm/java-8-openjdk-amd64/jre/lib/amd64/libjava.so
7fc3354d4000-7fc3354d5000 r--p 0002c000 08:02 15209482                   /usr/lib/jvm/java-8-openjdk-amd64/jre/lib/amd64/libjava.so
7fc3354d5000-7fc3354d7000 rw-p 0002d000 08:02 15209482                   /usr/lib/jvm/java-8-openjdk-amd64/jre/lib/amd64/libjava.so
7fc3354d7000-7fc3354e6000 r-xp 00000000 08:02 15209483                   /usr/lib/jvm/java-8-openjdk-amd64/jre/lib/amd64/libverify.so
7fc3354e6000-7fc3356e5000 ---p 0000f000 08:02 15209483                   /usr/lib/jvm/java-8-openjdk-amd64/jre/lib/amd64/libverify.so
7fc3356e5000-7fc3356e7000 r--p 0000e000 08:02 15209483                   /usr/lib/jvm/java-8-openjdk-amd64/jre/lib/amd64/libverify.so
7fc3356e7000-7fc3356e8000 rw-p 00010000 08:02 15209483                   /usr/lib/jvm/java-8-openjdk-amd64/jre/lib/amd64/libverify.so
7fc3356e8000-7fc3356ef000 r-xp 00000000 08:02 4587616                    /lib/x86_64-linux-gnu/librt-2.23.so
7fc3356ef000-7fc3358ee000 ---p 00007000 08:02 4587616                    /lib/x86_64-linux-gnu/librt-2.23.so
7fc3358ee000-7fc3358ef000 r--p 00006000 08:02 4587616                    /lib/x86_64-linux-gnu/librt-2.23.so
7fc3358ef000-7fc3358f0000 rw-p 00007000 08:02 4587616                    /lib/x86_64-linux-gnu/librt-2.23.so
7fc3358f0000-7fc335906000 r-xp 00000000 08:02 4591952                    /lib/x86_64-linux-gnu/libgcc_s.so.1
7fc335906000-7fc335b05000 ---p 00016000 08:02 4591952                    /lib/x86_64-linux-gnu/libgcc_s.so.1
7fc335b05000-7fc335b06000 rw-p 00015000 08:02 4591952                    /lib/x86_64-linux-gnu/libgcc_s.so.1
7fc335b06000-7fc335c0e000 r-xp 00000000 08:02 4587613                    /lib/x86_64-linux-gnu/libm-2.23.so
7fc335c0e000-7fc335e0d000 ---p 00108000 08:02 4587613                    /lib/x86_64-linux-gnu/libm-2.23.so
7fc335e0d000-7fc335e0e000 r--p 00107000 08:02 4587613                    /lib/x86_64-linux-gnu/libm-2.23.so
7fc335e0e000-7fc335e0f000 rw-p 00108000 08:02 4587613                    /lib/x86_64-linux-gnu/libm-2.23.so
7fc335e0f000-7fc335f81000 r-xp 00000000 08:02 15206387                   /usr/lib/x86_64-linux-gnu/libstdc++.so.6.0.21
7fc335f81000-7fc336181000 ---p 00172000 08:02 15206387                   /usr/lib/x86_64-linux-gnu/libstdc++.so.6.0.21
7fc336181000-7fc33618b000 r--p 00172000 08:02 15206387                   /usr/lib/x86_64-linux-gnu/libstdc++.so.6.0.21
7fc33618b000-7fc33618d000 rw-p 0017c000 08:02 15206387                   /usr/lib/x86_64-linux-gnu/libstdc++.so.6.0.21
7fc33618d000-7fc336191000 rw-p 00000000 00:00 0 
7fc336191000-7fc336dd7000 r-xp 00000000 08:02 15209495                   /usr/lib/jvm/java-8-openjdk-amd64/jre/lib/amd64/server/libjvm.so
7fc336dd7000-7fc336fd7000 ---p 00c46000 08:02 15209495                   /usr/lib/jvm/java-8-openjdk-amd64/jre/lib/amd64/server/libjvm.so
7fc336fd7000-7fc33706a000 r--p 00c46000 08:02 15209495                   /usr/lib/jvm/java-8-openjdk-amd64/jre/lib/amd64/server/libjvm.so
7fc33706a000-7fc337092000 rw-p 00cd9000 08:02 15209495                   /usr/lib/jvm/java-8-openjdk-amd64/jre/lib/amd64/server/libjvm.so
7fc337092000-7fc3370c2000 rw-p 00000000 00:00 0 
7fc3370c2000-7fc3370da000 r-xp 00000000 08:02 4591996                    /lib/x86_64-linux-gnu/libpthread-2.23.so
7fc3370da000-7fc3372d9000 ---p 00018000 08:02 4591996                    /lib/x86_64-linux-gnu/libpthread-2.23.so
7fc3372d9000-7fc3372da000 r--p 00017000 08:02 4591996                    /lib/x86_64-linux-gnu/libpthread-2.23.so
7fc3372da000-7fc3372db000 rw-p 00018000 08:02 4591996                    /lib/x86_64-linux-gnu/libpthread-2.23.so
7fc3372db000-7fc3372df000 rw-p 00000000 00:00 0 
7fc3372df000-7fc3372e2000 r-xp 00000000 08:02 4592020                    /lib/x86_64-linux-gnu/libdl-2.23.so
7fc3372e2000-7fc3374e1000 ---p 00003000 08:02 4592020                    /lib/x86_64-linux-gnu/libdl-2.23.so
7fc3374e1000-7fc3374e2000 r--p 00002000 08:02 4592020                    /lib/x86_64-linux-gnu/libdl-2.23.so
7fc3374e2000-7fc3374e3000 rw-p 00003000 08:02 4592020                    /lib/x86_64-linux-gnu/libdl-2.23.so
7fc3374e3000-7fc3374fc000 r-xp 00000000 08:02 4592165                    /lib/x86_64-linux-gnu/libz.so.1.2.8
7fc3374fc000-7fc3376fb000 ---p 00019000 08:02 4592165                    /lib/x86_64-linux-gnu/libz.so.1.2.8
7fc3376fb000-7fc3376fc000 r--p 00018000 08:02 4592165                    /lib/x86_64-linux-gnu/libz.so.1.2.8
7fc3376fc000-7fc3376fd000 rw-p 00019000 08:02 4592165                    /lib/x86_64-linux-gnu/libz.so.1.2.8
7fc3376fd000-7fc3378bd000 r-xp 00000000 08:02 4592019                    /lib/x86_64-linux-gnu/libc-2.23.so
7fc3378bd000-7fc337abc000 ---p 001c0000 08:02 4592019                    /lib/x86_64-linux-gnu/libc-2.23.so
7fc337abc000-7fc337ac0000 r--p 001bf000 08:02 4592019                    /lib/x86_64-linux-gnu/libc-2.23.so
7fc337ac0000-7fc337ac2000 rw-p 001c3000 08:02 4592019                    /lib/x86_64-linux-gnu/libc-2.23.so
7fc337ac2000-7fc337ac6000 rw-p 00000000 00:00 0 
7fc337ac6000-7fc337ad3000 r-xp 00000000 08:02 15209511                   /usr/lib/jvm/java-8-openjdk-amd64/jre/lib/amd64/jli/libjli.so
7fc337ad3000-7fc337cd3000 ---p 0000d000 08:02 15209511                   /usr/lib/jvm/java-8-openjdk-amd64/jre/lib/amd64/jli/libjli.so
7fc337cd3000-7fc337cd4000 r--p 0000d000 08:02 15209511                   /usr/lib/jvm/java-8-openjdk-amd64/jre/lib/amd64/jli/libjli.so
7fc337cd4000-7fc337cd5000 rw-p 0000e000 08:02 15209511                   /usr/lib/jvm/java-8-openjdk-amd64/jre/lib/amd64/jli/libjli.so
7fc337cd5000-7fc337cfb000 r-xp 00000000 08:02 4587617                    /lib/x86_64-linux-gnu/ld-2.23.so
7fc337d01000-7fc337dd4000 rw-p 00000000 00:00 0 
7fc337dd4000-7fc337dd7000 ---p 00000000 00:00 0 
7fc337dd7000-7fc337eda000 rw-p 00000000 00:00 0 
7fc337edd000-7fc337ee1000 r--s 00037000 08:02 15209550                   /usr/lib/jvm/java-8-openjdk-amd64/jre/lib/ext/sunpkcs11.jar
7fc337ee1000-7fc337ee2000 r--s 00008000 08:02 15209544                   /usr/lib/jvm/java-8-openjdk-amd64/jre/lib/ext/sunec.jar
7fc337ee2000-7fc337ee3000 r--s 0000a000 08:02 15209545                   /usr/lib/jvm/java-8-openjdk-amd64/jre/lib/ext/jaccess.jar
7fc337ee3000-7fc337ee6000 r--s 0000f000 08:02 15209548                   /usr/lib/jvm/java-8-openjdk-amd64/jre/lib/ext/icedtea-sound.jar
7fc337ee6000-7fc337eeb000 r--s 0003b000 08:02 15209547                   /usr/lib/jvm/java-8-openjdk-amd64/jre/lib/ext/sunjce_provider.jar
7fc337eeb000-7fc337eec000 r--s 00010000 08:02 15209546                   /usr/lib/jvm/java-8-openjdk-amd64/jre/lib/ext/zipfs.jar
7fc337eec000-7fc337eee000 r--s 00001000 08:02 15209542                   /usr/lib/jvm/java-8-openjdk-amd64/jre/lib/ext/dnsns.jar
7fc337eee000-7fc337ef6000 rw-s 00000000 08:02 12978676                   /tmp/hsperfdata_powerpack/31468
7fc337ef6000-7fc337ef7000 rw-p 00000000 00:00 0 
7fc337ef7000-7fc337ef8000 ---p 00000000 00:00 0 
7fc337ef8000-7fc337efa000 rw-p 00000000 00:00 0 
7fc337efa000-7fc337efb000 r--p 00025000 08:02 4587617                    /lib/x86_64-linux-gnu/ld-2.23.so
7fc337efb000-7fc337efc000 rw-p 00026000 08:02 4587617                    /lib/x86_64-linux-gnu/ld-2.23.so
7fc337efc000-7fc337efd000 rw-p 00000000 00:00 0 
7ffedd72c000-7ffedd74d000 rw-p 00000000 00:00 0                          [stack]
7ffedd76a000-7ffedd76c000 r--p 00000000 00:00 0                          [vvar]
7ffedd76c000-7ffedd76e000 r-xp 00000000 00:00 0                          [vdso]
ffffffffff600000-ffffffffff601000 r-xp 00000000 00:00 0                  [vsyscall]

VM Arguments:
jvm_args: -Djava.awt.headless=true -Xmx4g -Dfile.encoding=UTF-8 -Duser.country=IN -Duser.language=en -Duser.variant 
java_command: com.android.dx.command.Main --dex --force-jumbo --num-threads=4 --multi-dex --output /home/powerpack/Desktop/ud867-master/FinalProject/app/build/intermediates/transforms/dex/paid/debug/folders/1000/10/com.google.android.gms-play-services-ads-9.6.1_b054aaeed3a074839d21f55abc60e7c0bf9e7fe5 /home/powerpack/Desktop/ud867-master/FinalProject/app/build/intermediates/exploded-aar/com.google.android.gms/play-services-ads/9.6.1/jars/classes.jar
java_class_path (initial): /home/powerpack/Documents/Android/android-sdk-linux/build-tools/24.0.2/lib/dx.jar
Launcher Type: SUN_STANDARD

Environment Variables:
PATH=/usr/local/sbin:/usr/local/bin:/usr/sbin:/usr/bin:/sbin:/bin:/usr/games:/usr/local/games
LD_LIBRARY_PATH=/home/powerpack/Documents/Android/android-studio/bin:
SHELL=/bin/bash
DISPLAY=:0

Signal Handlers:
SIGSEGV: [libjvm.so+0xa5e970], sa_mask[0]=11111111011111111101111111111110, sa_flags=SA_RESTART|SA_SIGINFO
SIGBUS: [libjvm.so+0xa5e970], sa_mask[0]=11111111011111111101111111111110, sa_flags=SA_RESTART|SA_SIGINFO
SIGFPE: [libjvm.so+0x8a9ff0], sa_mask[0]=11111111011111111101111111111110, sa_flags=SA_RESTART|SA_SIGINFO
SIGPIPE: [libjvm.so+0x8a9ff0], sa_mask[0]=11111111011111111101111111111110, sa_flags=SA_RESTART|SA_SIGINFO
SIGXFSZ: [libjvm.so+0x8a9ff0], sa_mask[0]=11111111011111111101111111111110, sa_flags=SA_RESTART|SA_SIGINFO
SIGILL: [libjvm.so+0x8a9ff0], sa_mask[0]=11111111011111111101111111111110, sa_flags=SA_RESTART|SA_SIGINFO
SIGUSR1: SIG_DFL, sa_mask[0]=00000000000000000000000000000000, sa_flags=none
SIGUSR2: [libjvm.so+0x8a9ea0], sa_mask[0]=00100000000000000000000000000000, sa_flags=SA_RESTART|SA_SIGINFO
SIGHUP: [libjvm.so+0x8aa370], sa_mask[0]=11111111011111111101111111111110, sa_flags=SA_RESTART|SA_SIGINFO
SIGINT: [libjvm.so+0x8aa370], sa_mask[0]=11111111011111111101111111111110, sa_flags=SA_RESTART|SA_SIGINFO
SIGTERM: [libjvm.so+0x8aa370], sa_mask[0]=11111111011111111101111111111110, sa_flags=SA_RESTART|SA_SIGINFO
SIGQUIT: [libjvm.so+0x8aa370], sa_mask[0]=11111111011111111101111111111110, sa_flags=SA_RESTART|SA_SIGINFO


---------------  S Y S T E M  ---------------

OS:DISTRIB_ID=Ubuntu
DISTRIB_RELEASE=16.04
DISTRIB_CODENAME=xenial
DISTRIB_DESCRIPTION="Ubuntu 16.04.1 LTS"

uname:Linux 4.4.0-36-generic #55-Ubuntu SMP Thu Aug 11 18:01:55 UTC 2016 x86_64
libc:glibc 2.23 NPTL 2.23 
rlimit: STACK 8192k, CORE 0k, NPROC 30727, NOFILE 65536, AS infinity
load average:16.73 5.05 2.02

/proc/meminfo:
MemTotal:        8044112 kB
MemFree:          134392 kB
MemAvailable:      66472 kB
Buffers:            1504 kB
Cached:           776800 kB
SwapCached:            0 kB
Active:          6328004 kB
Inactive:         650288 kB
Active(anon):    6288456 kB
Inactive(anon):   613356 kB
Active(file):      39548 kB
Inactive(file):    36932 kB
Unevictable:         916 kB
Mlocked:             916 kB
SwapTotal:             0 kB
SwapFree:              0 kB
Dirty:              1104 kB
Writeback:             0 kB
AnonPages:       6201020 kB
Mapped:           855656 kB
Shmem:            701824 kB
Slab:             123572 kB
SReclaimable:      65688 kB
SUnreclaim:        57884 kB
KernelStack:       13648 kB
PageTables:        64864 kB
NFS_Unstable:          0 kB
Bounce:                0 kB
WritebackTmp:          0 kB
CommitLimit:     4022056 kB
Committed_AS:   13304624 kB
VmallocTotal:   34359738367 kB
VmallocUsed:           0 kB
VmallocChunk:          0 kB
HardwareCorrupted:     0 kB
AnonHugePages:   2928640 kB
CmaTotal:              0 kB
CmaFree:               0 kB
HugePages_Total:       0
HugePages_Free:        0
HugePages_Rsvd:        0
HugePages_Surp:        0
Hugepagesize:       2048 kB
DirectMap4k:      215552 kB
DirectMap2M:     8042496 kB
DirectMap1G:     1048576 kB


CPU:total 4 (2 cores per cpu, 2 threads per core) family 6 model 69 stepping 1, cmov, cx8, fxsr, mmx, sse, sse2, sse3, ssse3, sse4.1, sse4.2, popcnt, avx, avx2, aes, clmul, erms, lzcnt, ht, tsc, tscinvbit, bmi1, bmi2

/proc/cpuinfo:
processor	: 0
vendor_id	: GenuineIntel
cpu family	: 6
model		: 69
model name	: Intel(R) Core(TM) i5-4210U CPU @ 1.70GHz
stepping	: 1
microcode	: 0x1d
cpu MHz		: 2399.906
cache size	: 3072 KB
physical id	: 0
siblings	: 4
core id		: 0
cpu cores	: 2
apicid		: 0
initial apicid	: 0
fpu		: yes
fpu_exception	: yes
cpuid level	: 13
wp		: yes
flags		: fpu vme de pse tsc msr pae mce cx8 apic sep mtrr pge mca cmov pat pse36 clflush dts acpi mmx fxsr sse sse2 ss ht tm pbe syscall nx pdpe1gb rdtscp lm constant_tsc arch_perfmon pebs bts rep_good nopl xtopology nonstop_tsc aperfmperf eagerfpu pni pclmulqdq dtes64 monitor ds_cpl vmx est tm2 ssse3 sdbg fma cx16 xtpr pdcm pcid sse4_1 sse4_2 movbe popcnt tsc_deadline_timer aes xsave avx f16c rdrand lahf_lm abm epb tpr_shadow vnmi flexpriority ept vpid fsgsbase tsc_adjust bmi1 avx2 smep bmi2 erms invpcid xsaveopt dtherm ida arat pln pts
bugs		:
bogomips	: 4789.33
clflush size	: 64
cache_alignment	: 64
address sizes	: 39 bits physical, 48 bits virtual
power management:

processor	: 1
vendor_id	: GenuineIntel
cpu family	: 6
model		: 69
model name	: Intel(R) Core(TM) i5-4210U CPU @ 1.70GHz
stepping	: 1
microcode	: 0x1d
cpu MHz		: 2399.906
cache size	: 3072 KB
physical id	: 0
siblings	: 4
core id		: 0
cpu cores	: 2
apicid		: 1
initial apicid	: 1
fpu		: yes
fpu_exception	: yes
cpuid level	: 13
wp		: yes
flags		: fpu vme de pse tsc msr pae mce cx8 apic sep mtrr pge mca cmov pat pse36 clflush dts acpi mmx fxsr sse sse2 ss ht tm pbe syscall nx pdpe1gb rdtscp lm constant_tsc arch_perfmon pebs bts rep_good nopl xtopology nonstop_tsc aperfmperf eagerfpu pni pclmulqdq dtes64 monitor ds_cpl vmx est tm2 ssse3 sdbg fma cx16 xtpr pdcm pcid sse4_1 sse4_2 movbe popcnt tsc_deadline_timer aes xsave avx f16c rdrand lahf_lm abm epb tpr_shadow vnmi flexpriority ept vpid fsgsbase tsc_adjust bmi1 avx2 smep bmi2 erms invpcid xsaveopt dtherm ida arat pln pts
bugs		:
bogomips	: 4789.33
clflush size	: 64
cache_alignment	: 64
address sizes	: 39 bits physical, 48 bits virtual
power management:

processor	: 2
vendor_id	: GenuineIntel
cpu family	: 6
model		: 69
model name	: Intel(R) Core(TM) i5-4210U CPU @ 1.70GHz
stepping	: 1
microcode	: 0x1d
cpu MHz		: 2400.000
cache size	: 3072 KB
physical id	: 0
siblings	: 4
core id		: 1
cpu cores	: 2
apicid		: 2
initial apicid	: 2
fpu		: yes
fpu_exception	: yes
cpuid level	: 13
wp		: yes
flags		: fpu vme de pse tsc msr pae mce cx8 apic sep mtrr pge mca cmov pat pse36 clflush dts acpi mmx fxsr sse sse2 ss ht tm pbe syscall nx pdpe1gb rdtscp lm constant_tsc arch_perfmon pebs bts rep_good nopl xtopology nonstop_tsc aperfmperf eagerfpu pni pclmulqdq dtes64 monitor ds_cpl vmx est tm2 ssse3 sdbg fma cx16 xtpr pdcm pcid sse4_1 sse4_2 movbe popcnt tsc_deadline_timer aes xsave avx f16c rdrand lahf_lm abm epb tpr_shadow vnmi flexpriority ept vpid fsgsbase tsc_adjust bmi1 avx2 smep bmi2 erms invpcid xsaveopt dtherm ida arat pln pts
bugs		:
bogomips	: 4789.33
clflush size	: 64
cache_alignment	: 64
address sizes	: 39 bits physical, 48 bits virtual
power management:

processor	: 3
vendor_id	: GenuineIntel
cpu family	: 6
model		: 69
model name	: Intel(R) Core(TM) i5-4210U CPU @ 1.70GHz
stepping	: 1
microcode	: 0x1d
cpu MHz		: 2400.000
cache size	: 3072 KB
physical id	: 0
siblings	: 4
core id		: 1
cpu cores	: 2
apicid		: 3
initial apicid	: 3
fpu		: yes
fpu_exception	: yes
cpuid level	: 13
wp		: yes
flags		: fpu vme de pse tsc msr pae mce cx8 apic sep mtrr pge mca cmov pat pse36 clflush dts acpi mmx fxsr sse sse2 ss ht tm pbe syscall nx pdpe1gb rdtscp lm constant_tsc arch_perfmon pebs bts rep_good nopl xtopology nonstop_tsc aperfmperf eagerfpu pni pclmulqdq dtes64 monitor ds_cpl vmx est tm2 ssse3 sdbg fma cx16 xtpr pdcm pcid sse4_1 sse4_2 movbe popcnt tsc_deadline_timer aes xsave avx f16c rdrand lahf_lm abm epb tpr_shadow vnmi flexpriority ept vpid fsgsbase tsc_adjust bmi1 avx2 smep bmi2 erms invpcid xsaveopt dtherm ida arat pln pts
bugs		:
bogomips	: 4789.33
clflush size	: 64
cache_alignment	: 64
address sizes	: 39 bits physical, 48 bits virtual
power management:



Memory: 4k page, physical 8044112k(134136k free), swap 0k(0k free)

vm_info: OpenJDK 64-Bit Server VM (25.91-b14) for linux-amd64 JRE (1.8.0_91-8u91-b14-3ubuntu1~16.04.1-b14), built on Jul 21 2016 04:13:34 by "buildd" with gcc 5.3.1 20160413

time: Tue Sep 27 20:22:19 2016
elapsed time: 42 seconds (0d 0h 0m 42s)

